<?xml version="1.0" encoding="UTF-8"?>
<!-- Generated by org.testng.reporters.JUnitXMLReporter -->
<testsuite hostname="Che-Lt-Rajak" ignored="0" name="Test Class TestFleetManagement" tests="45" failures="0" timestamp="22 Jul 2019 11:05:17 GMT" time="31.057" errors="0">
  <testcase name="@BeforeTest setUpForLoginTest" time="30.573" classname="com.doosan.nao.fleetManagements.test.TestFleetManagement">
    <failure type="org.openqa.selenium.NoSuchElementException" message="no such element: Unable to locate element: {&amp;quot;method&amp;quot;:&amp;quot;xpath&amp;quot;,&amp;quot;selector&amp;quot;:&amp;quot;.//*[@id=&amp;apos;search_option1&amp;apos;]&amp;quot;}
  (Session info: chrome=75.0.3770.142)
For documentation on this error, please visit: https://www.seleniumhq.org/exceptions/no_such_element.html
Build info: version: &amp;apos;3.141.59&amp;apos;, revision: &amp;apos;e82be7d358&amp;apos;, time: &amp;apos;2018-11-14T08:17:03&amp;apos;
System info: host: &amp;apos;CHE-LT-RAJAK&amp;apos;, ip: &amp;apos;10.53.36.150&amp;apos;, os.name: &amp;apos;Windows 10&amp;apos;, os.arch: &amp;apos;amd64&amp;apos;, os.version: &amp;apos;10.0&amp;apos;, java.version: &amp;apos;1.8.0_161&amp;apos;
Driver info: org.openqa.selenium.chrome.ChromeDriver
Capabilities {acceptInsecureCerts: false, browserName: chrome, browserVersion: 75.0.3770.142, chrome: {chromedriverVersion: 75.0.3770.8 (681f24ea911fe7..., userDataDir: C:\Users\RAJKUM~1\AppData\L...}, goog:chromeOptions: {debuggerAddress: localhost:53188}, javascriptEnabled: true, networkConnectionEnabled: false, pageLoadStrategy: normal, platform: XP, platformName: XP, proxy: Proxy(), setWindowRect: true, strictFileInteractability: false, timeouts: {implicit: 0, pageLoad: 300000, script: 30000}, unhandledPromptBehavior: dismiss and notify}
Session ID: 889ee686c3b929430ab5c73f32310ffb
*** Element info: {Using=xpath, value=.//*[@id=&amp;apos;search_option1&amp;apos;]}">
      <![CDATA[org.openqa.selenium.NoSuchElementException: no such element: Unable to locate element: {"method":"xpath","selector":".//*[@id='search_option1']"}
  (Session info: chrome=75.0.3770.142)
For documentation on this error, please visit: https://www.seleniumhq.org/exceptions/no_such_element.html
Build info: version: '3.141.59', revision: 'e82be7d358', time: '2018-11-14T08:17:03'
System info: host: 'CHE-LT-RAJAK', ip: '10.53.36.150', os.name: 'Windows 10', os.arch: 'amd64', os.version: '10.0', java.version: '1.8.0_161'
Driver info: org.openqa.selenium.chrome.ChromeDriver
Capabilities {acceptInsecureCerts: false, browserName: chrome, browserVersion: 75.0.3770.142, chrome: {chromedriverVersion: 75.0.3770.8 (681f24ea911fe7..., userDataDir: C:\Users\RAJKUM~1\AppData\L...}, goog:chromeOptions: {debuggerAddress: localhost:53188}, javascriptEnabled: true, networkConnectionEnabled: false, pageLoadStrategy: normal, platform: XP, platformName: XP, proxy: Proxy(), setWindowRect: true, strictFileInteractability: false, timeouts: {implicit: 0, pageLoad: 300000, script: 30000}, unhandledPromptBehavior: dismiss and notify}
Session ID: 889ee686c3b929430ab5c73f32310ffb
*** Element info: {Using=xpath, value=.//*[@id='search_option1']}
at org.openqa.selenium.remote.http.W3CHttpResponseCodec.createException(W3CHttpResponseCodec.java:187)
at org.openqa.selenium.remote.http.W3CHttpResponseCodec.decode(W3CHttpResponseCodec.java:122)
at org.openqa.selenium.remote.http.W3CHttpResponseCodec.decode(W3CHttpResponseCodec.java:49)
at org.openqa.selenium.remote.HttpCommandExecutor.execute(HttpCommandExecutor.java:158)
at org.openqa.selenium.remote.service.DriverCommandExecutor.execute(DriverCommandExecutor.java:83)
at org.openqa.selenium.remote.RemoteWebDriver.execute(RemoteWebDriver.java:552)
at org.openqa.selenium.remote.RemoteWebDriver.findElement(RemoteWebDriver.java:323)
at org.openqa.selenium.remote.RemoteWebDriver.findElementByXPath(RemoteWebDriver.java:428)
at org.openqa.selenium.By$ByXPath.findElement(By.java:353)
at org.openqa.selenium.remote.RemoteWebDriver.findElement(RemoteWebDriver.java:315)
at org.openqa.selenium.support.events.EventFiringWebDriver.lambda$new$1(EventFiringWebDriver.java:105)
at com.sun.proxy.$Proxy9.findElement(Unknown Source)
at org.openqa.selenium.support.events.EventFiringWebDriver.findElement(EventFiringWebDriver.java:194)
at org.openqa.selenium.support.pagefactory.DefaultElementLocator.findElement(DefaultElementLocator.java:69)
at org.openqa.selenium.support.pagefactory.internal.LocatingElementHandler.invoke(LocatingElementHandler.java:38)
at com.sun.proxy.$Proxy13.getTagName(Unknown Source)
at org.openqa.selenium.support.ui.Select.<init>(Select.java:45)
at com.doosan.nao.fleetManagements.page.SelectOrgPage.searchByFirstDropdown(SelectOrgPage.java:58)
at com.doosan.nao.fleetManagements.test.TestFleetManagement.setUpForLoginTest(TestFleetManagement.java:93)
... Removed 32 stack frames]]>
    </failure>
  </testcase> <!-- @BeforeTest setUpForLoginTest -->
  <testcase name="@AfterMethod onTestFailure" time="0.0" classname="com.doosan.nao.fleetManagements.test.TestFleetManagement">
    <skipped/>
  </testcase> <!-- @AfterMethod onTestFailure -->
  <testcase name="@AfterMethod onTestFailure" time="0.0" classname="com.doosan.nao.fleetManagements.test.TestFleetManagement">
    <skipped/>
  </testcase> <!-- @AfterMethod onTestFailure -->
  <testcase name="@AfterMethod onTestFailure" time="0.0" classname="com.doosan.nao.fleetManagements.test.TestFleetManagement">
    <skipped/>
  </testcase> <!-- @AfterMethod onTestFailure -->
  <testcase name="@AfterMethod onTestFailure" time="0.0" classname="com.doosan.nao.fleetManagements.test.TestFleetManagement">
    <skipped/>
  </testcase> <!-- @AfterMethod onTestFailure -->
  <testcase name="@AfterMethod onTestFailure" time="0.0" classname="com.doosan.nao.fleetManagements.test.TestFleetManagement">
    <skipped/>
  </testcase> <!-- @AfterMethod onTestFailure -->
  <testcase name="@AfterMethod onTestFailure" time="0.0" classname="com.doosan.nao.fleetManagements.test.TestFleetManagement">
    <skipped/>
  </testcase> <!-- @AfterMethod onTestFailure -->
  <testcase name="@AfterMethod onTestFailure" time="0.0" classname="com.doosan.nao.fleetManagements.test.TestFleetManagement">
    <skipped/>
  </testcase> <!-- @AfterMethod onTestFailure -->
  <testcase name="@AfterMethod onTestFailure" time="0.0" classname="com.doosan.nao.fleetManagements.test.TestFleetManagement">
    <skipped/>
  </testcase> <!-- @AfterMethod onTestFailure -->
  <testcase name="@AfterMethod onTestFailure" time="0.0" classname="com.doosan.nao.fleetManagements.test.TestFleetManagement">
    <skipped/>
  </testcase> <!-- @AfterMethod onTestFailure -->
  <testcase name="@AfterMethod onTestFailure" time="0.0" classname="com.doosan.nao.fleetManagements.test.TestFleetManagement">
    <skipped/>
  </testcase> <!-- @AfterMethod onTestFailure -->
  <testcase name="@AfterMethod onTestFailure" time="0.0" classname="com.doosan.nao.fleetManagements.test.TestFleetManagement">
    <skipped/>
  </testcase> <!-- @AfterMethod onTestFailure -->
  <testcase name="@AfterMethod onTestFailure" time="0.0" classname="com.doosan.nao.fleetManagements.test.TestFleetManagement">
    <skipped/>
  </testcase> <!-- @AfterMethod onTestFailure -->
  <testcase name="@AfterMethod onTestFailure" time="0.0" classname="com.doosan.nao.fleetManagements.test.TestFleetManagement">
    <skipped/>
  </testcase> <!-- @AfterMethod onTestFailure -->
  <testcase name="@AfterMethod onTestFailure" time="0.0" classname="com.doosan.nao.fleetManagements.test.TestFleetManagement">
    <skipped/>
  </testcase> <!-- @AfterMethod onTestFailure -->
  <testcase name="@AfterMethod onTestFailure" time="0.0" classname="com.doosan.nao.fleetManagements.test.TestFleetManagement">
    <skipped/>
  </testcase> <!-- @AfterMethod onTestFailure -->
  <testcase name="@AfterMethod onTestFailure" time="0.0" classname="com.doosan.nao.fleetManagements.test.TestFleetManagement">
    <skipped/>
  </testcase> <!-- @AfterMethod onTestFailure -->
  <testcase name="@AfterMethod onTestFailure" time="0.0" classname="com.doosan.nao.fleetManagements.test.TestFleetManagement">
    <skipped/>
  </testcase> <!-- @AfterMethod onTestFailure -->
  <testcase name="@AfterMethod onTestFailure" time="0.0" classname="com.doosan.nao.fleetManagements.test.TestFleetManagement">
    <skipped/>
  </testcase> <!-- @AfterMethod onTestFailure -->
  <testcase name="@AfterMethod onTestFailure" time="0.0" classname="com.doosan.nao.fleetManagements.test.TestFleetManagement">
    <skipped/>
  </testcase> <!-- @AfterMethod onTestFailure -->
  <testcase name="@AfterMethod onTestFailure" time="0.0" classname="com.doosan.nao.fleetManagements.test.TestFleetManagement">
    <skipped/>
  </testcase> <!-- @AfterMethod onTestFailure -->
  <testcase name="@AfterMethod onTestFailure" time="0.0" classname="com.doosan.nao.fleetManagements.test.TestFleetManagement">
    <skipped/>
  </testcase> <!-- @AfterMethod onTestFailure -->
  <testcase name="@AfterMethod onTestFailure" time="0.0" classname="com.doosan.nao.fleetManagements.test.TestFleetManagement">
    <skipped/>
  </testcase> <!-- @AfterMethod onTestFailure -->
  <testcase name="@AfterMethod onTestFailure" time="0.0" classname="com.doosan.nao.fleetManagements.test.TestFleetManagement">
    <skipped/>
  </testcase> <!-- @AfterMethod onTestFailure -->
  <testcase name="@AfterMethod onTestFailure" time="0.0" classname="com.doosan.nao.fleetManagements.test.TestFleetManagement">
    <skipped/>
  </testcase> <!-- @AfterMethod onTestFailure -->
  <testcase name="@AfterMethod onTestFailure" time="0.0" classname="com.doosan.nao.fleetManagements.test.TestFleetManagement">
    <skipped/>
  </testcase> <!-- @AfterMethod onTestFailure -->
  <testcase name="@AfterMethod onTestFailure" time="0.0" classname="com.doosan.nao.fleetManagements.test.TestFleetManagement">
    <skipped/>
  </testcase> <!-- @AfterMethod onTestFailure -->
  <testcase name="@AfterMethod onTestFailure" time="0.0" classname="com.doosan.nao.fleetManagements.test.TestFleetManagement">
    <skipped/>
  </testcase> <!-- @AfterMethod onTestFailure -->
  <testcase name="@AfterMethod onTestFailure" time="0.0" classname="com.doosan.nao.fleetManagements.test.TestFleetManagement">
    <skipped/>
  </testcase> <!-- @AfterMethod onTestFailure -->
  <testcase name="@AfterMethod onTestFailure" time="0.0" classname="com.doosan.nao.fleetManagements.test.TestFleetManagement">
    <skipped/>
  </testcase> <!-- @AfterMethod onTestFailure -->
  <testcase name="@AfterMethod onTestFailure" time="0.0" classname="com.doosan.nao.fleetManagements.test.TestFleetManagement">
    <skipped/>
  </testcase> <!-- @AfterMethod onTestFailure -->
  <testcase name="@AfterMethod onTestFailure" time="0.0" classname="com.doosan.nao.fleetManagements.test.TestFleetManagement">
    <skipped/>
  </testcase> <!-- @AfterMethod onTestFailure -->
  <testcase name="@AfterMethod onTestFailure" time="0.0" classname="com.doosan.nao.fleetManagements.test.TestFleetManagement">
    <skipped/>
  </testcase> <!-- @AfterMethod onTestFailure -->
  <testcase name="@AfterMethod onTestFailure" time="0.0" classname="com.doosan.nao.fleetManagements.test.TestFleetManagement">
    <skipped/>
  </testcase> <!-- @AfterMethod onTestFailure -->
  <testcase name="@AfterMethod onTestFailure" time="0.0" classname="com.doosan.nao.fleetManagements.test.TestFleetManagement">
    <skipped/>
  </testcase> <!-- @AfterMethod onTestFailure -->
  <testcase name="@AfterMethod onTestFailure" time="0.0" classname="com.doosan.nao.fleetManagements.test.TestFleetManagement">
    <skipped/>
  </testcase> <!-- @AfterMethod onTestFailure -->
  <testcase name="@AfterMethod onTestFailure" time="0.0" classname="com.doosan.nao.fleetManagements.test.TestFleetManagement">
    <skipped/>
  </testcase> <!-- @AfterMethod onTestFailure -->
  <testcase name="@AfterMethod onTestFailure" time="0.0" classname="com.doosan.nao.fleetManagements.test.TestFleetManagement">
    <skipped/>
  </testcase> <!-- @AfterMethod onTestFailure -->
  <testcase name="@AfterMethod onTestFailure" time="0.0" classname="com.doosan.nao.fleetManagements.test.TestFleetManagement">
    <skipped/>
  </testcase> <!-- @AfterMethod onTestFailure -->
  <testcase name="@AfterMethod onTestFailure" time="0.0" classname="com.doosan.nao.fleetManagements.test.TestFleetManagement">
    <skipped/>
  </testcase> <!-- @AfterMethod onTestFailure -->
  <testcase name="@AfterMethod onTestFailure" time="0.0" classname="com.doosan.nao.fleetManagements.test.TestFleetManagement">
    <skipped/>
  </testcase> <!-- @AfterMethod onTestFailure -->
  <testcase name="@AfterMethod onTestFailure" time="0.0" classname="com.doosan.nao.fleetManagements.test.TestFleetManagement">
    <skipped/>
  </testcase> <!-- @AfterMethod onTestFailure -->
  <testcase name="@AfterMethod onTestFailure" time="0.0" classname="com.doosan.nao.fleetManagements.test.TestFleetManagement">
    <skipped/>
  </testcase> <!-- @AfterMethod onTestFailure -->
  <testcase name="@AfterMethod onTestFailure" time="0.0" classname="com.doosan.nao.fleetManagements.test.TestFleetManagement">
    <skipped/>
  </testcase> <!-- @AfterMethod onTestFailure -->
  <testcase name="@AfterMethod onTestFailure" time="0.0" classname="com.doosan.nao.fleetManagements.test.TestFleetManagement">
    <skipped/>
  </testcase> <!-- @AfterMethod onTestFailure -->
  <testcase name="@AfterMethod onTestFailure" time="0.0" classname="com.doosan.nao.fleetManagements.test.TestFleetManagement">
    <skipped/>
  </testcase> <!-- @AfterMethod onTestFailure -->
  <testcase name="@AfterTest BrowserQuit" time="0.0" classname="com.doosan.nao.fleetManagements.test.TestFleetManagement">
    <skipped/>
  </testcase> <!-- @AfterTest BrowserQuit -->
  <testcase name="testValidatefleetManagementLink" time="0.0" classname="com.doosan.nao.fleetManagements.test.TestFleetManagement">
    <skipped/>
  </testcase> <!-- testValidatefleetManagementLink -->
  <testcase name="testValidateFleetmanagementTabs" time="0.0" classname="com.doosan.nao.fleetManagements.test.TestFleetManagement">
    <skipped/>
  </testcase> <!-- testValidateFleetmanagementTabs -->
  <testcase name="testValidateEquipmentsInGrid" time="0.0" classname="com.doosan.nao.fleetManagements.test.TestFleetManagement">
    <skipped/>
  </testcase> <!-- testValidateEquipmentsInGrid -->
  <testcase name="testValidateEquipmentDetails" time="0.0" classname="com.doosan.nao.fleetManagements.test.TestFleetManagement">
    <skipped/>
  </testcase> <!-- testValidateEquipmentDetails -->
  <testcase name="testValidateAdminTabAndRetailThrehold" time="0.0" classname="com.doosan.nao.fleetManagements.test.TestFleetManagement">
    <skipped/>
  </testcase> <!-- testValidateAdminTabAndRetailThrehold -->
  <testcase name="testValidateAddComments" time="0.0" classname="com.doosan.nao.fleetManagements.test.TestFleetManagement">
    <skipped/>
  </testcase> <!-- testValidateAddComments -->
  <testcase name="testValidateNoComments" time="0.0" classname="com.doosan.nao.fleetManagements.test.TestFleetManagement">
    <skipped/>
  </testcase> <!-- testValidateNoComments -->
  <testcase name="testValidateAddNewComments" time="0.0" classname="com.doosan.nao.fleetManagements.test.TestFleetManagement">
    <skipped/>
  </testcase> <!-- testValidateAddNewComments -->
  <testcase name="testValidateTotalComments" time="0.0" classname="com.doosan.nao.fleetManagements.test.TestFleetManagement">
    <skipped/>
  </testcase> <!-- testValidateTotalComments -->
  <testcase name="testValidateDeleteCommnets" time="0.0" classname="com.doosan.nao.fleetManagements.test.TestFleetManagement">
    <skipped/>
  </testcase> <!-- testValidateDeleteCommnets -->
  <testcase name="testValidatePMStatus" time="0.0" classname="com.doosan.nao.fleetManagements.test.TestFleetManagement">
    <skipped/>
  </testcase> <!-- testValidatePMStatus -->
  <testcase name="testValidateNoneByClearAllPopupfileds" time="0.0" classname="com.doosan.nao.fleetManagements.test.TestFleetManagement">
    <skipped/>
  </testcase> <!-- testValidateNoneByClearAllPopupfileds -->
  <testcase name="testValidateActiveByDateTomorrow" time="0.0" classname="com.doosan.nao.fleetManagements.test.TestFleetManagement">
    <skipped/>
  </testcase> <!-- testValidateActiveByDateTomorrow -->
  <testcase name="testValidateExpiredbyYesterdayDate" time="0.0" classname="com.doosan.nao.fleetManagements.test.TestFleetManagement">
    <skipped/>
  </testcase> <!-- testValidateExpiredbyYesterdayDate -->
  <testcase name="testValidateActivedbyEndHouseMorethanOperationHours" time="0.0" classname="com.doosan.nao.fleetManagements.test.TestFleetManagement">
    <skipped/>
  </testcase> <!-- testValidateActivedbyEndHouseMorethanOperationHours -->
  <testcase name="testValidateExpiredbyEndHouseLessthanOperationHours" time="0.0" classname="com.doosan.nao.fleetManagements.test.TestFleetManagement">
    <skipped/>
  </testcase> <!-- testValidateExpiredbyEndHouseLessthanOperationHours -->
  <testcase name="testValidateNonebyDeletePm" time="0.0" classname="com.doosan.nao.fleetManagements.test.TestFleetManagement">
    <skipped/>
  </testcase> <!-- testValidateNonebyDeletePm -->
  <testcase name="testValidateExpiredbyEndHrsLessOperHrsYesterday" time="0.0" classname="com.doosan.nao.fleetManagements.test.TestFleetManagement">
    <skipped/>
  </testcase> <!-- testValidateExpiredbyEndHrsLessOperHrsYesterday -->
  <testcase name="testValidateActivebyEndHrsMoreOperHrsTomorrows" time="0.0" classname="com.doosan.nao.fleetManagements.test.TestFleetManagement">
    <skipped/>
  </testcase> <!-- testValidateActivebyEndHrsMoreOperHrsTomorrows -->
  <testcase name="testValidateNonebyClickinOnDeleteonAlreadyActive" time="0.0" classname="com.doosan.nao.fleetManagements.test.TestFleetManagement">
    <skipped/>
  </testcase> <!-- testValidateNonebyClickinOnDeleteonAlreadyActive -->
  <testcase name="testValidateExpiredbyEndHrsmoreOperHrsYesterdayDate" time="0.0" classname="com.doosan.nao.fleetManagements.test.TestFleetManagement">
    <skipped/>
  </testcase> <!-- testValidateExpiredbyEndHrsmoreOperHrsYesterdayDate -->
  <testcase name="testValidateNonebyClickinOnDeleteonAlreadyExpired" time="0.0" classname="com.doosan.nao.fleetManagements.test.TestFleetManagement">
    <skipped/>
  </testcase> <!-- testValidateNonebyClickinOnDeleteonAlreadyExpired -->
  <testcase name="testValidateExpiredbyEndHrsmoreOperHrsYesterdayDate2" time="0.0" classname="com.doosan.nao.fleetManagements.test.TestFleetManagement">
    <skipped/>
  </testcase> <!-- testValidateExpiredbyEndHrsmoreOperHrsYesterdayDate2 -->
  <testcase name="testValidateExpiredbyAddingComments" time="0.0" classname="com.doosan.nao.fleetManagements.test.TestFleetManagement">
    <skipped/>
  </testcase> <!-- testValidateExpiredbyAddingComments -->
  <testcase name="testValidateExpiredbyEndHrsLEssOperHrsTomorrowsDate" time="0.0" classname="com.doosan.nao.fleetManagements.test.TestFleetManagement">
    <skipped/>
  </testcase> <!-- testValidateExpiredbyEndHrsLEssOperHrsTomorrowsDate -->
  <testcase name="testValidateErrormessageByEnterZeroEndHrs" time="0.0" classname="com.doosan.nao.fleetManagements.test.TestFleetManagement">
    <skipped/>
  </testcase> <!-- testValidateErrormessageByEnterZeroEndHrs -->
  <testcase name="testValidateExpiredbyEndHrsLessOperHrsPastDate" time="0.0" classname="com.doosan.nao.fleetManagements.test.TestFleetManagement">
    <skipped/>
  </testcase> <!-- testValidateExpiredbyEndHrsLessOperHrsPastDate -->
  <testcase name="testValidateActivebyEndHrsMoreOperHrsAndFutureDate" time="0.0" classname="com.doosan.nao.fleetManagements.test.TestFleetManagement">
    <skipped/>
  </testcase> <!-- testValidateActivebyEndHrsMoreOperHrsAndFutureDate -->
  <testcase name="testValidateActiveByEnteringCurrentDateNoOperatingHrs" time="0.0" classname="com.doosan.nao.fleetManagements.test.TestFleetManagement">
    <skipped/>
  </testcase> <!-- testValidateActiveByEnteringCurrentDateNoOperatingHrs -->
  <testcase name="testValidateActiveByEnteringOperatinghrsNoDate" time="0.0" classname="com.doosan.nao.fleetManagements.test.TestFleetManagement">
    <skipped/>
  </testcase> <!-- testValidateActiveByEnteringOperatinghrsNoDate -->
  <testcase name="testValidateActiveByEnteringOperatinghrsAndEndDateCurrentDate" time="0.0" classname="com.doosan.nao.fleetManagements.test.TestFleetManagement">
    <skipped/>
  </testcase> <!-- testValidateActiveByEnteringOperatinghrsAndEndDateCurrentDate -->
  <testcase name="testValidateNonebyAddingComments" time="0.0" classname="com.doosan.nao.fleetManagements.test.TestFleetManagement">
    <skipped/>
  </testcase> <!-- testValidateNonebyAddingComments -->
  <testcase name="testValidateActivebyAddingComments" time="0.0" classname="com.doosan.nao.fleetManagements.test.TestFleetManagement">
    <skipped/>
  </testcase> <!-- testValidateActivebyAddingComments -->
  <testcase name="testValidateCodeTab" time="0.0" classname="com.doosan.nao.fleetManagements.test.TestFleetManagement">
    <skipped/>
  </testcase> <!-- testValidateCodeTab -->
  <testcase name="testValidateWarrantyFieldMods" time="0.0" classname="com.doosan.nao.fleetManagements.test.TestFleetManagement">
    <skipped/>
  </testcase> <!-- testValidateWarrantyFieldMods -->
  <testcase name="testValidateLocationHistory" time="0.0" classname="com.doosan.nao.fleetManagements.test.TestFleetManagement">
    <skipped/>
  </testcase> <!-- testValidateLocationHistory -->
  <testcase name="testValidateManageGeofences" time="0.0" classname="com.doosan.nao.fleetManagements.test.TestFleetManagement">
    <skipped/>
  </testcase> <!-- testValidateManageGeofences -->
  <testcase name="testValidateDeleteGeofence" time="0.0" classname="com.doosan.nao.fleetManagements.test.TestFleetManagement">
    <skipped/>
  </testcase> <!-- testValidateDeleteGeofence -->
  <testcase name="testValidateDeleteAssignedEquipment" time="0.0" classname="com.doosan.nao.fleetManagements.test.TestFleetManagement">
    <skipped/>
  </testcase> <!-- testValidateDeleteAssignedEquipment -->
  <testcase name="testValidateAssignMachines" time="0.0" classname="com.doosan.nao.fleetManagements.test.TestFleetManagement">
    <skipped/>
  </testcase> <!-- testValidateAssignMachines -->
  <testcase name="testValidateManageNotifiationTab" time="0.0" classname="com.doosan.nao.fleetManagements.test.TestFleetManagement">
    <skipped/>
  </testcase> <!-- testValidateManageNotifiationTab -->
  <testcase name="testValidateDeleteNotification" time="0.0" classname="com.doosan.nao.fleetManagements.test.TestFleetManagement">
    <skipped/>
  </testcase> <!-- testValidateDeleteNotification -->
  <testcase name="testValidateEquipmetsIOTtoFMPortal" time="0.0" classname="com.doosan.nao.fleetManagements.test.TestFleetManagement">
    <skipped/>
  </testcase> <!-- testValidateEquipmetsIOTtoFMPortal -->
  <testcase name="testValidateIOTToFMEquipmentDetails" time="0.0" classname="com.doosan.nao.fleetManagements.test.TestFleetManagement">
    <skipped/>
  </testcase> <!-- testValidateIOTToFMEquipmentDetails -->
  <testcase name="testValidateRetailTresholdValue" time="0.0" classname="com.doosan.nao.fleetManagements.test.TestFleetManagement">
    <skipped/>
  </testcase> <!-- testValidateRetailTresholdValue -->
</testsuite> <!-- Test Class TestFleetManagement -->
