<?xml version="1.0" encoding="UTF-8"?>
<!-- Generated by org.testng.reporters.JUnitXMLReporter -->
<testsuite hostname="Che-Lt-Rajak" ignored="0" name="Test Class ServiceTab" tests="24" failures="0" timestamp="22 Jul 2019 11:05:45 GMT" time="28.56" errors="0">
  <testcase name="@BeforeTest setUpForLoginTest" time="28.374" classname="com.doosan.nao.fleetManagements.test.ServiceTabTest">
    <failure type="org.openqa.selenium.NoSuchElementException" message="no such element: Unable to locate element: {&amp;quot;method&amp;quot;:&amp;quot;xpath&amp;quot;,&amp;quot;selector&amp;quot;:&amp;quot;.//*[@id=&amp;apos;search_option1&amp;apos;]&amp;quot;}
  (Session info: chrome=75.0.3770.142)
For documentation on this error, please visit: https://www.seleniumhq.org/exceptions/no_such_element.html
Build info: version: &amp;apos;3.141.59&amp;apos;, revision: &amp;apos;e82be7d358&amp;apos;, time: &amp;apos;2018-11-14T08:17:03&amp;apos;
System info: host: &amp;apos;CHE-LT-RAJAK&amp;apos;, ip: &amp;apos;10.53.36.150&amp;apos;, os.name: &amp;apos;Windows 10&amp;apos;, os.arch: &amp;apos;amd64&amp;apos;, os.version: &amp;apos;10.0&amp;apos;, java.version: &amp;apos;1.8.0_161&amp;apos;
Driver info: org.openqa.selenium.chrome.ChromeDriver
Capabilities {acceptInsecureCerts: false, browserName: chrome, browserVersion: 75.0.3770.142, chrome: {chromedriverVersion: 75.0.3770.8 (681f24ea911fe7..., userDataDir: C:\Users\RAJKUM~1\AppData\L...}, goog:chromeOptions: {debuggerAddress: localhost:53219}, javascriptEnabled: true, networkConnectionEnabled: false, pageLoadStrategy: normal, platform: XP, platformName: XP, proxy: Proxy(), setWindowRect: true, strictFileInteractability: false, timeouts: {implicit: 0, pageLoad: 300000, script: 30000}, unhandledPromptBehavior: dismiss and notify}
Session ID: c4890a4a88d8f090ad5e50e1053fe8bf
*** Element info: {Using=xpath, value=.//*[@id=&amp;apos;search_option1&amp;apos;]}">
      <![CDATA[org.openqa.selenium.NoSuchElementException: no such element: Unable to locate element: {"method":"xpath","selector":".//*[@id='search_option1']"}
  (Session info: chrome=75.0.3770.142)
For documentation on this error, please visit: https://www.seleniumhq.org/exceptions/no_such_element.html
Build info: version: '3.141.59', revision: 'e82be7d358', time: '2018-11-14T08:17:03'
System info: host: 'CHE-LT-RAJAK', ip: '10.53.36.150', os.name: 'Windows 10', os.arch: 'amd64', os.version: '10.0', java.version: '1.8.0_161'
Driver info: org.openqa.selenium.chrome.ChromeDriver
Capabilities {acceptInsecureCerts: false, browserName: chrome, browserVersion: 75.0.3770.142, chrome: {chromedriverVersion: 75.0.3770.8 (681f24ea911fe7..., userDataDir: C:\Users\RAJKUM~1\AppData\L...}, goog:chromeOptions: {debuggerAddress: localhost:53219}, javascriptEnabled: true, networkConnectionEnabled: false, pageLoadStrategy: normal, platform: XP, platformName: XP, proxy: Proxy(), setWindowRect: true, strictFileInteractability: false, timeouts: {implicit: 0, pageLoad: 300000, script: 30000}, unhandledPromptBehavior: dismiss and notify}
Session ID: c4890a4a88d8f090ad5e50e1053fe8bf
*** Element info: {Using=xpath, value=.//*[@id='search_option1']}
at org.openqa.selenium.remote.http.W3CHttpResponseCodec.createException(W3CHttpResponseCodec.java:187)
at org.openqa.selenium.remote.http.W3CHttpResponseCodec.decode(W3CHttpResponseCodec.java:122)
at org.openqa.selenium.remote.http.W3CHttpResponseCodec.decode(W3CHttpResponseCodec.java:49)
at org.openqa.selenium.remote.HttpCommandExecutor.execute(HttpCommandExecutor.java:158)
at org.openqa.selenium.remote.service.DriverCommandExecutor.execute(DriverCommandExecutor.java:83)
at org.openqa.selenium.remote.RemoteWebDriver.execute(RemoteWebDriver.java:552)
at org.openqa.selenium.remote.RemoteWebDriver.findElement(RemoteWebDriver.java:323)
at org.openqa.selenium.remote.RemoteWebDriver.findElementByXPath(RemoteWebDriver.java:428)
at org.openqa.selenium.By$ByXPath.findElement(By.java:353)
at org.openqa.selenium.remote.RemoteWebDriver.findElement(RemoteWebDriver.java:315)
at org.openqa.selenium.support.events.EventFiringWebDriver.lambda$new$1(EventFiringWebDriver.java:105)
at com.sun.proxy.$Proxy9.findElement(Unknown Source)
at org.openqa.selenium.support.events.EventFiringWebDriver.findElement(EventFiringWebDriver.java:194)
at org.openqa.selenium.support.pagefactory.DefaultElementLocator.findElement(DefaultElementLocator.java:69)
at org.openqa.selenium.support.pagefactory.internal.LocatingElementHandler.invoke(LocatingElementHandler.java:38)
at com.sun.proxy.$Proxy13.getTagName(Unknown Source)
at org.openqa.selenium.support.ui.Select.<init>(Select.java:45)
at com.doosan.nao.fleetManagements.page.SelectOrgPage.searchByFirstDropdown(SelectOrgPage.java:58)
at com.doosan.nao.fleetManagements.test.ServiceTabTest.setUpForLoginTest(ServiceTabTest.java:91)
... Removed 32 stack frames]]>
    </failure>
  </testcase> <!-- @BeforeTest setUpForLoginTest -->
  <testcase name="@AfterMethod onTestFailure" time="0.0" classname="com.doosan.nao.fleetManagements.test.ServiceTabTest">
    <skipped/>
  </testcase> <!-- @AfterMethod onTestFailure -->
  <testcase name="@AfterMethod onTestFailure" time="0.0" classname="com.doosan.nao.fleetManagements.test.ServiceTabTest">
    <skipped/>
  </testcase> <!-- @AfterMethod onTestFailure -->
  <testcase name="@AfterMethod onTestFailure" time="0.0" classname="com.doosan.nao.fleetManagements.test.ServiceTabTest">
    <skipped/>
  </testcase> <!-- @AfterMethod onTestFailure -->
  <testcase name="@AfterMethod onTestFailure" time="0.0" classname="com.doosan.nao.fleetManagements.test.ServiceTabTest">
    <skipped/>
  </testcase> <!-- @AfterMethod onTestFailure -->
  <testcase name="@AfterMethod onTestFailure" time="0.0" classname="com.doosan.nao.fleetManagements.test.ServiceTabTest">
    <skipped/>
  </testcase> <!-- @AfterMethod onTestFailure -->
  <testcase name="@AfterMethod onTestFailure" time="0.0" classname="com.doosan.nao.fleetManagements.test.ServiceTabTest">
    <skipped/>
  </testcase> <!-- @AfterMethod onTestFailure -->
  <testcase name="@AfterMethod onTestFailure" time="0.0" classname="com.doosan.nao.fleetManagements.test.ServiceTabTest">
    <skipped/>
  </testcase> <!-- @AfterMethod onTestFailure -->
  <testcase name="@AfterMethod onTestFailure" time="0.0" classname="com.doosan.nao.fleetManagements.test.ServiceTabTest">
    <skipped/>
  </testcase> <!-- @AfterMethod onTestFailure -->
  <testcase name="@AfterMethod onTestFailure" time="0.0" classname="com.doosan.nao.fleetManagements.test.ServiceTabTest">
    <skipped/>
  </testcase> <!-- @AfterMethod onTestFailure -->
  <testcase name="@AfterMethod onTestFailure" time="0.0" classname="com.doosan.nao.fleetManagements.test.ServiceTabTest">
    <skipped/>
  </testcase> <!-- @AfterMethod onTestFailure -->
  <testcase name="@AfterMethod onTestFailure" time="0.0" classname="com.doosan.nao.fleetManagements.test.ServiceTabTest">
    <skipped/>
  </testcase> <!-- @AfterMethod onTestFailure -->
  <testcase name="@AfterMethod onTestFailure" time="0.0" classname="com.doosan.nao.fleetManagements.test.ServiceTabTest">
    <skipped/>
  </testcase> <!-- @AfterMethod onTestFailure -->
  <testcase name="@AfterMethod onTestFailure" time="0.0" classname="com.doosan.nao.fleetManagements.test.ServiceTabTest">
    <skipped/>
  </testcase> <!-- @AfterMethod onTestFailure -->
  <testcase name="@AfterMethod onTestFailure" time="0.0" classname="com.doosan.nao.fleetManagements.test.ServiceTabTest">
    <skipped/>
  </testcase> <!-- @AfterMethod onTestFailure -->
  <testcase name="@AfterMethod onTestFailure" time="0.0" classname="com.doosan.nao.fleetManagements.test.ServiceTabTest">
    <skipped/>
  </testcase> <!-- @AfterMethod onTestFailure -->
  <testcase name="@AfterMethod onTestFailure" time="0.0" classname="com.doosan.nao.fleetManagements.test.ServiceTabTest">
    <skipped/>
  </testcase> <!-- @AfterMethod onTestFailure -->
  <testcase name="@AfterMethod onTestFailure" time="0.0" classname="com.doosan.nao.fleetManagements.test.ServiceTabTest">
    <skipped/>
  </testcase> <!-- @AfterMethod onTestFailure -->
  <testcase name="@AfterMethod onTestFailure" time="0.0" classname="com.doosan.nao.fleetManagements.test.ServiceTabTest">
    <skipped/>
  </testcase> <!-- @AfterMethod onTestFailure -->
  <testcase name="@AfterMethod onTestFailure" time="0.0" classname="com.doosan.nao.fleetManagements.test.ServiceTabTest">
    <skipped/>
  </testcase> <!-- @AfterMethod onTestFailure -->
  <testcase name="@AfterMethod onTestFailure" time="0.0" classname="com.doosan.nao.fleetManagements.test.ServiceTabTest">
    <skipped/>
  </testcase> <!-- @AfterMethod onTestFailure -->
  <testcase name="@AfterMethod onTestFailure" time="0.0" classname="com.doosan.nao.fleetManagements.test.ServiceTabTest">
    <skipped/>
  </testcase> <!-- @AfterMethod onTestFailure -->
  <testcase name="@AfterMethod onTestFailure" time="0.0" classname="com.doosan.nao.fleetManagements.test.ServiceTabTest">
    <skipped/>
  </testcase> <!-- @AfterMethod onTestFailure -->
  <testcase name="@AfterMethod onTestFailure" time="0.0" classname="com.doosan.nao.fleetManagements.test.ServiceTabTest">
    <skipped/>
  </testcase> <!-- @AfterMethod onTestFailure -->
  <testcase name="@AfterMethod onTestFailure" time="0.0" classname="com.doosan.nao.fleetManagements.test.ServiceTabTest">
    <skipped/>
  </testcase> <!-- @AfterMethod onTestFailure -->
  <testcase name="@AfterTest BrowserQuit" time="0.0" classname="com.doosan.nao.fleetManagements.test.ServiceTabTest">
    <skipped/>
  </testcase> <!-- @AfterTest BrowserQuit -->
  <testcase name="testValidatefleetManagementLink" time="0.0" classname="com.doosan.nao.fleetManagements.test.ServiceTabTest">
    <skipped/>
  </testcase> <!-- testValidatefleetManagementLink -->
  <testcase name="testValidateFleetmanagementTabs" time="0.0" classname="com.doosan.nao.fleetManagements.test.ServiceTabTest">
    <skipped/>
  </testcase> <!-- testValidateFleetmanagementTabs -->
  <testcase name="testValidateEquipmentsInGrid" time="0.0" classname="com.doosan.nao.fleetManagements.test.ServiceTabTest">
    <skipped/>
  </testcase> <!-- testValidateEquipmentsInGrid -->
  <testcase name="testServiceTabAvailable" time="0.0" classname="com.doosan.nao.fleetManagements.test.ServiceTabTest">
    <skipped/>
  </testcase> <!-- testServiceTabAvailable -->
  <testcase name="testServiceTableHeader" time="0.0" classname="com.doosan.nao.fleetManagements.test.ServiceTabTest">
    <skipped/>
  </testcase> <!-- testServiceTableHeader -->
  <testcase name="testServiceTableDatainfo" time="0.0" classname="com.doosan.nao.fleetManagements.test.ServiceTabTest">
    <skipped/>
  </testcase> <!-- testServiceTableDatainfo -->
  <testcase name="testMoreLinksClicking" time="0.0" classname="com.doosan.nao.fleetManagements.test.ServiceTabTest">
    <skipped/>
  </testcase> <!-- testMoreLinksClicking -->
  <testcase name="testVerifyDescriptionCol" time="0.0" classname="com.doosan.nao.fleetManagements.test.ServiceTabTest">
    <skipped/>
  </testcase> <!-- testVerifyDescriptionCol -->
  <testcase name="testVerifyTableHeadersTextGetingInMoreLinkPopup" time="0.0" classname="com.doosan.nao.fleetManagements.test.ServiceTabTest">
    <skipped/>
  </testcase> <!-- testVerifyTableHeadersTextGetingInMoreLinkPopup -->
  <testcase name="testTableHeadersTextVerifyInMoreLinkPopup" time="0.0" classname="com.doosan.nao.fleetManagements.test.ServiceTabTest">
    <skipped/>
  </testcase> <!-- testTableHeadersTextVerifyInMoreLinkPopup -->
  <testcase name="testTableDataHeaderValuesInMoreLinkPopup" time="0.0" classname="com.doosan.nao.fleetManagements.test.ServiceTabTest">
    <skipped/>
  </testcase> <!-- testTableDataHeaderValuesInMoreLinkPopup -->
  <testcase name="testTableDataValuesInMoreLinkPopup" time="0.0" classname="com.doosan.nao.fleetManagements.test.ServiceTabTest">
    <skipped/>
  </testcase> <!-- testTableDataValuesInMoreLinkPopup -->
  <testcase name="testSericeLogTabisAvailable" time="0.0" classname="com.doosan.nao.fleetManagements.test.ServiceTabTest">
    <skipped/>
  </testcase> <!-- testSericeLogTabisAvailable -->
  <testcase name="testServiceLogTableHeaders" time="0.0" classname="com.doosan.nao.fleetManagements.test.ServiceTabTest">
    <skipped/>
  </testcase> <!-- testServiceLogTableHeaders -->
  <testcase name="testServiceLogTableData" time="0.0" classname="com.doosan.nao.fleetManagements.test.ServiceTabTest">
    <skipped/>
  </testcase> <!-- testServiceLogTableData -->
  <testcase name="testVerifytheDropdownValuesIsdisabled" time="0.0" classname="com.doosan.nao.fleetManagements.test.ServiceTabTest">
    <skipped/>
  </testcase> <!-- testVerifytheDropdownValuesIsdisabled -->
  <testcase name="testValidateEquipmetsIOTtoFMPortal" time="0.0" classname="com.doosan.nao.fleetManagements.test.ServiceTabTest">
    <skipped/>
  </testcase> <!-- testValidateEquipmetsIOTtoFMPortal -->
  <testcase name="testValidateIOTToFMEquipmentDetails" time="0.0" classname="com.doosan.nao.fleetManagements.test.ServiceTabTest">
    <skipped/>
  </testcase> <!-- testValidateIOTToFMEquipmentDetails -->
  <testcase name="testValidateIOTToFMEquipmentServiesLogDetails" time="0.0" classname="com.doosan.nao.fleetManagements.test.ServiceTabTest">
    <skipped/>
  </testcase> <!-- testValidateIOTToFMEquipmentServiesLogDetails -->
  <testcase name="testValidateNoneValueProperties" time="0.0" classname="com.doosan.nao.fleetManagements.test.ServiceTabTest">
    <skipped/>
  </testcase> <!-- testValidateNoneValueProperties -->
  <testcase name="testValideDeletePropertyValueInIOTPortal" time="0.0" classname="com.doosan.nao.fleetManagements.test.ServiceTabTest">
    <skipped/>
  </testcase> <!-- testValideDeletePropertyValueInIOTPortal -->
  <testcase name="testValideDeletePropertyValueInPassportalPortal" time="0.0" classname="com.doosan.nao.fleetManagements.test.ServiceTabTest">
    <skipped/>
  </testcase> <!-- testValideDeletePropertyValueInPassportalPortal -->
  <testcase name="validateSetupProperrtiesValuesIOTPortal" time="0.0" classname="com.doosan.nao.fleetManagements.test.ServiceTabTest">
    <skipped/>
  </testcase> <!-- validateSetupProperrtiesValuesIOTPortal -->
  <testcase name="validatePropertyValueSetupOrnot" time="0.0" classname="com.doosan.nao.fleetManagements.test.ServiceTabTest">
    <skipped/>
  </testcase> <!-- validatePropertyValueSetupOrnot -->
</testsuite> <!-- Test Class ServiceTab -->
