<?xml version="1.0" encoding="UTF-8"?>
<!-- Generated by org.testng.reporters.JUnitReportReporter -->
<testsuite skipped="13" hostname="Che-Lt-Rajak" name="com.doosan.nao.pagfactory.classOrderTest.quickOrderPageTest.BatchOrderUploadTest" tests="14" failures="0" timestamp="11 Jul 2019 11:04:21 GMT" time="0.000" errors="1">
  <testcase name="setUpForSelectOrgPageTwoDropDownTest" time="0.000" classname="com.doosan.nao.pagfactory.classOrderTest.quickOrderPageTest.BatchOrderUploadTest">
    <error type="org.testng.TestNGException" message="
Parameter &#039;addlineNumbers&#039; is required by BeforeMethod on method setUpForSelectOrgPageTwoDropDownTest but has not been marked @Optional or defined
in E:\seleniumAutomationScripts\hybris\hyb4nov18\hybNov62017\src\main\java\com\test\java\testExamples\batchOrderUpload.xml">
      <![CDATA[org.testng.TestNGException: 
Parameter 'addlineNumbers' is required by BeforeMethod on method setUpForSelectOrgPageTwoDropDownTest but has not been marked @Optional or defined
in E:\seleniumAutomationScripts\hybris\hyb4nov18\hybNov62017\src\main\java\com\test\java\testExamples\batchOrderUpload.xml
at org.testng.internal.Parameters.createParams(Parameters.java:290)
at org.testng.internal.Parameters.createParametersForMethod(Parameters.java:359)
at org.testng.internal.Parameters.createParameters(Parameters.java:620)
at org.testng.internal.Parameters.createConfigurationParameters(Parameters.java:190)
at org.testng.internal.Invoker.invokeConfigurations(Invoker.java:209)
at org.testng.internal.Invoker.invokeMethod(Invoker.java:523)
at org.testng.internal.Invoker.invokeTestMethod(Invoker.java:719)
at org.testng.internal.Invoker.invokeTestMethods(Invoker.java:989)
at org.testng.internal.TestMethodWorker.invokeTestMethods(TestMethodWorker.java:125)
at org.testng.internal.TestMethodWorker.run(TestMethodWorker.java:109)
at org.testng.TestRunner.privateRun(TestRunner.java:648)
at org.testng.TestRunner.run(TestRunner.java:505)
at org.testng.SuiteRunner.runTest(SuiteRunner.java:455)
at org.testng.SuiteRunner.runSequentially(SuiteRunner.java:450)
at org.testng.SuiteRunner.privateRun(SuiteRunner.java:415)
at org.testng.SuiteRunner.run(SuiteRunner.java:364)
at org.testng.SuiteRunnerWorker.runSuite(SuiteRunnerWorker.java:52)
at org.testng.SuiteRunnerWorker.run(SuiteRunnerWorker.java:84)
at org.testng.TestNG.runSuitesSequentially(TestNG.java:1208)
at org.testng.TestNG.runSuitesLocally(TestNG.java:1137)
at org.testng.TestNG.runSuites(TestNG.java:1049)
at org.testng.TestNG.run(TestNG.java:1017)
at org.testng.remote.AbstractRemoteTestNG.run(AbstractRemoteTestNG.java:114)
at org.testng.remote.RemoteTestNG.initAndRun(RemoteTestNG.java:251)
at org.testng.remote.RemoteTestNG.main(RemoteTestNG.java:77)
]]>
    </error>
  </testcase> <!-- setUpForSelectOrgPageTwoDropDownTest -->
  <testcase name="validateSelectOrgPageTwoDropDownTest" time="0.000" classname="com.doosan.nao.pagfactory.classOrderTest.quickOrderPageTest.BatchOrderUploadTest">
    <skipped/>
  </testcase> <!-- validateSelectOrgPageTwoDropDownTest -->
  <testcase name="validateSelectOrgPageTwoDropDownTest" time="0.000" classname="com.doosan.nao.pagfactory.classOrderTest.quickOrderPageTest.BatchOrderUploadTest">
    <skipped/>
  </testcase> <!-- validateSelectOrgPageTwoDropDownTest -->
  <testcase name="validateSelectOrgPageTwoDropDownTest" time="0.000" classname="com.doosan.nao.pagfactory.classOrderTest.quickOrderPageTest.BatchOrderUploadTest">
    <skipped/>
  </testcase> <!-- validateSelectOrgPageTwoDropDownTest -->
  <testcase name="validateSelectOrgPageTwoDropDownTest" time="0.000" classname="com.doosan.nao.pagfactory.classOrderTest.quickOrderPageTest.BatchOrderUploadTest">
    <skipped/>
  </testcase> <!-- validateSelectOrgPageTwoDropDownTest -->
  <testcase name="validateSelectOrgPageTwoDropDownTest" time="0.000" classname="com.doosan.nao.pagfactory.classOrderTest.quickOrderPageTest.BatchOrderUploadTest">
    <skipped/>
  </testcase> <!-- validateSelectOrgPageTwoDropDownTest -->
  <testcase name="validateSelectOrgPageTwoDropDownTest" time="0.000" classname="com.doosan.nao.pagfactory.classOrderTest.quickOrderPageTest.BatchOrderUploadTest">
    <skipped/>
  </testcase> <!-- validateSelectOrgPageTwoDropDownTest -->
  <testcase name="validateSelectOrgPageTwoDropDownTest" time="0.000" classname="com.doosan.nao.pagfactory.classOrderTest.quickOrderPageTest.BatchOrderUploadTest">
    <skipped/>
  </testcase> <!-- validateSelectOrgPageTwoDropDownTest -->
  <testcase name="validateSelectOrgPageTwoDropDownTest" time="0.000" classname="com.doosan.nao.pagfactory.classOrderTest.quickOrderPageTest.BatchOrderUploadTest">
    <skipped/>
  </testcase> <!-- validateSelectOrgPageTwoDropDownTest -->
  <testcase name="validateSelectOrgPageTwoDropDownTest" time="0.000" classname="com.doosan.nao.pagfactory.classOrderTest.quickOrderPageTest.BatchOrderUploadTest">
    <skipped/>
  </testcase> <!-- validateSelectOrgPageTwoDropDownTest -->
  <testcase name="validateSelectOrgPageTwoDropDownTest" time="0.000" classname="com.doosan.nao.pagfactory.classOrderTest.quickOrderPageTest.BatchOrderUploadTest">
    <skipped/>
  </testcase> <!-- validateSelectOrgPageTwoDropDownTest -->
  <testcase name="validateSelectOrgPageTwoDropDownTest" time="0.000" classname="com.doosan.nao.pagfactory.classOrderTest.quickOrderPageTest.BatchOrderUploadTest">
    <skipped/>
  </testcase> <!-- validateSelectOrgPageTwoDropDownTest -->
  <testcase name="validateSelectOrgPageTwoDropDownTest" time="0.000" classname="com.doosan.nao.pagfactory.classOrderTest.quickOrderPageTest.BatchOrderUploadTest">
    <skipped/>
  </testcase> <!-- validateSelectOrgPageTwoDropDownTest -->
  <testcase name="validateSelectOrgPageTwoDropDownTest" time="0.000" classname="com.doosan.nao.pagfactory.classOrderTest.quickOrderPageTest.BatchOrderUploadTest">
    <skipped/>
  </testcase> <!-- validateSelectOrgPageTwoDropDownTest -->
</testsuite> <!-- com.doosan.nao.pagfactory.classOrderTest.quickOrderPageTest.BatchOrderUploadTest -->
