<?xml version="1.0" encoding="UTF-8"?>
<!-- Generated by org.testng.reporters.JUnitReportReporter -->
<testsuite skipped="6" hostname="Che-Lt-Rajak" name="com.doosan.nao.fleetManagements.test.TestAddcommentDifferentDealers" tests="7" failures="0" timestamp="22 Jul 2019 11:08:54 GMT" time="0.000" errors="1">
  <testcase name="setUpForLoginTest" time="0.000" classname="com.doosan.nao.fleetManagements.test.TestAddcommentDifferentDealers">
    <error type="org.testng.TestNGException" message="
Method setUpForLoginTest requires 10 parameters but 9 were supplied in the BeforeTest annotation.">
      <![CDATA[org.testng.TestNGException: 
Method setUpForLoginTest requires 10 parameters but 9 were supplied in the BeforeTest annotation.
at org.testng.internal.Parameters.checkParameterTypes(Parameters.java:415)
at org.testng.internal.Parameters.createParametersForMethod(Parameters.java:356)
at org.testng.internal.Parameters.createParameters(Parameters.java:620)
at org.testng.internal.Parameters.createConfigurationParameters(Parameters.java:190)
at org.testng.internal.Invoker.invokeConfigurations(Invoker.java:209)
at org.testng.internal.Invoker.invokeConfigurations(Invoker.java:142)
at org.testng.TestRunner.beforeRun(TestRunner.java:529)
at org.testng.TestRunner.run(TestRunner.java:497)
at org.testng.SuiteRunner.runTest(SuiteRunner.java:455)
at org.testng.SuiteRunner.runSequentially(SuiteRunner.java:450)
at org.testng.SuiteRunner.privateRun(SuiteRunner.java:415)
at org.testng.SuiteRunner.run(SuiteRunner.java:364)
at org.testng.SuiteRunnerWorker.runSuite(SuiteRunnerWorker.java:52)
at org.testng.SuiteRunnerWorker.run(SuiteRunnerWorker.java:84)
at org.testng.TestNG.runSuitesSequentially(TestNG.java:1208)
at org.testng.TestNG.runSuitesLocally(TestNG.java:1137)
at org.testng.TestNG.runSuites(TestNG.java:1049)
at org.testng.TestNG.run(TestNG.java:1017)
at org.testng.remote.AbstractRemoteTestNG.run(AbstractRemoteTestNG.java:114)
at org.testng.remote.RemoteTestNG.initAndRun(RemoteTestNG.java:251)
at org.testng.remote.RemoteTestNG.main(RemoteTestNG.java:77)
]]>
    </error>
  </testcase> <!-- setUpForLoginTest -->
  <testcase name="testclickFleetManagementLink1489" time="0.000" classname="com.doosan.nao.fleetManagements.test.TestAddcommentDifferentDealers">
    <skipped/>
  </testcase> <!-- testclickFleetManagementLink1489 -->
  <testcase name="testclickFleetManagementLink1725" time="0.000" classname="com.doosan.nao.fleetManagements.test.TestAddcommentDifferentDealers">
    <skipped/>
  </testcase> <!-- testclickFleetManagementLink1725 -->
  <testcase name="testVrifyAddcommentLinkfor1725" time="0.000" classname="com.doosan.nao.fleetManagements.test.TestAddcommentDifferentDealers">
    <skipped/>
  </testcase> <!-- testVrifyAddcommentLinkfor1725 -->
  <testcase name="testValidateAddNewComments" time="0.000" classname="com.doosan.nao.fleetManagements.test.TestAddcommentDifferentDealers">
    <skipped/>
  </testcase> <!-- testValidateAddNewComments -->
  <testcase name="testValidateTotalComments" time="0.000" classname="com.doosan.nao.fleetManagements.test.TestAddcommentDifferentDealers">
    <skipped/>
  </testcase> <!-- testValidateTotalComments -->
  <testcase name="testNewCommentaddedinAnotherDealer" time="0.000" classname="com.doosan.nao.fleetManagements.test.TestAddcommentDifferentDealers">
    <skipped/>
  </testcase> <!-- testNewCommentaddedinAnotherDealer -->
</testsuite> <!-- com.doosan.nao.fleetManagements.test.TestAddcommentDifferentDealers -->
