<?xml version="1.0" encoding="UTF-8"?>
<!-- Generated by org.testng.reporters.JUnitReportReporter -->
<testsuite skipped="24" hostname="Che-Lt-Rajak" name="com.doosan.nao.fleetManagements.test.ServiceTabTest" tests="25" failures="0" timestamp="22 Jul 2019 11:08:54 GMT" time="28.374" errors="1">
  <testcase name="setUpForLoginTest" time="28.374" classname="com.doosan.nao.fleetManagements.test.ServiceTabTest">
    <error type="org.openqa.selenium.NoSuchElementException" message="no such element: Unable to locate element: {&quot;method&quot;:&quot;xpath&quot;,&quot;selector&quot;:&quot;.//*[@id=&#039;search_option1&#039;]&quot;}
  (Session info: chrome=75.0.3770.142)
For documentation on this error, please visit: https://www.seleniumhq.org/exceptions/no_such_element.html
Build info: version: &#039;3.141.59&#039;, revision: &#039;e82be7d358&#039;, time: &#039;2018-11-14T08:17:03&#039;
System info: host: &#039;CHE-LT-RAJAK&#039;, ip: &#039;10.53.36.150&#039;, os.name: &#039;Windows 10&#039;, os.arch: &#039;amd64&#039;, os.version: &#039;10.0&#039;, java.version: &#039;1.8.0_161&#039;
Driver info: org.openqa.selenium.chrome.ChromeDriver
Capabilities {acceptInsecureCerts: false, browserName: chrome, browserVersion: 75.0.3770.142, chrome: {chromedriverVersion: 75.0.3770.8 (681f24ea911fe7..., userDataDir: C:\Users\RAJKUM~1\AppData\L...}, goog:chromeOptions: {debuggerAddress: localhost:53219}, javascriptEnabled: true, networkConnectionEnabled: false, pageLoadStrategy: normal, platform: XP, platformName: XP, proxy: Proxy(), setWindowRect: true, strictFileInteractability: false, timeouts: {implicit: 0, pageLoad: 300000, script: 30000}, unhandledPromptBehavior: dismiss and notify}
Session ID: c4890a4a88d8f090ad5e50e1053fe8bf
*** Element info: {Using=xpath, value=.//*[@id=&#039;search_option1&#039;]}">
      <![CDATA[org.openqa.selenium.NoSuchElementException: no such element: Unable to locate element: {"method":"xpath","selector":".//*[@id='search_option1']"}
  (Session info: chrome=75.0.3770.142)
For documentation on this error, please visit: https://www.seleniumhq.org/exceptions/no_such_element.html
Build info: version: '3.141.59', revision: 'e82be7d358', time: '2018-11-14T08:17:03'
System info: host: 'CHE-LT-RAJAK', ip: '10.53.36.150', os.name: 'Windows 10', os.arch: 'amd64', os.version: '10.0', java.version: '1.8.0_161'
Driver info: org.openqa.selenium.chrome.ChromeDriver
Capabilities {acceptInsecureCerts: false, browserName: chrome, browserVersion: 75.0.3770.142, chrome: {chromedriverVersion: 75.0.3770.8 (681f24ea911fe7..., userDataDir: C:\Users\RAJKUM~1\AppData\L...}, goog:chromeOptions: {debuggerAddress: localhost:53219}, javascriptEnabled: true, networkConnectionEnabled: false, pageLoadStrategy: normal, platform: XP, platformName: XP, proxy: Proxy(), setWindowRect: true, strictFileInteractability: false, timeouts: {implicit: 0, pageLoad: 300000, script: 30000}, unhandledPromptBehavior: dismiss and notify}
Session ID: c4890a4a88d8f090ad5e50e1053fe8bf
*** Element info: {Using=xpath, value=.//*[@id='search_option1']}
at sun.reflect.NativeConstructorAccessorImpl.newInstance0(Native Method)
at sun.reflect.NativeConstructorAccessorImpl.newInstance(Unknown Source)
at sun.reflect.DelegatingConstructorAccessorImpl.newInstance(Unknown Source)
at java.lang.reflect.Constructor.newInstance(Unknown Source)
at org.openqa.selenium.remote.http.W3CHttpResponseCodec.createException(W3CHttpResponseCodec.java:187)
at org.openqa.selenium.remote.http.W3CHttpResponseCodec.decode(W3CHttpResponseCodec.java:122)
at org.openqa.selenium.remote.http.W3CHttpResponseCodec.decode(W3CHttpResponseCodec.java:49)
at org.openqa.selenium.remote.HttpCommandExecutor.execute(HttpCommandExecutor.java:158)
at org.openqa.selenium.remote.service.DriverCommandExecutor.execute(DriverCommandExecutor.java:83)
at org.openqa.selenium.remote.RemoteWebDriver.execute(RemoteWebDriver.java:552)
at org.openqa.selenium.remote.RemoteWebDriver.findElement(RemoteWebDriver.java:323)
at org.openqa.selenium.remote.RemoteWebDriver.findElementByXPath(RemoteWebDriver.java:428)
at org.openqa.selenium.By$ByXPath.findElement(By.java:353)
at org.openqa.selenium.remote.RemoteWebDriver.findElement(RemoteWebDriver.java:315)
at sun.reflect.NativeMethodAccessorImpl.invoke0(Native Method)
at sun.reflect.NativeMethodAccessorImpl.invoke(Unknown Source)
at sun.reflect.DelegatingMethodAccessorImpl.invoke(Unknown Source)
at java.lang.reflect.Method.invoke(Unknown Source)
at org.openqa.selenium.support.events.EventFiringWebDriver.lambda$new$1(EventFiringWebDriver.java:105)
at com.sun.proxy.$Proxy9.findElement(Unknown Source)
at org.openqa.selenium.support.events.EventFiringWebDriver.findElement(EventFiringWebDriver.java:194)
at org.openqa.selenium.support.pagefactory.DefaultElementLocator.findElement(DefaultElementLocator.java:69)
at org.openqa.selenium.support.pagefactory.internal.LocatingElementHandler.invoke(LocatingElementHandler.java:38)
at com.sun.proxy.$Proxy13.getTagName(Unknown Source)
at org.openqa.selenium.support.ui.Select.<init>(Select.java:45)
at com.doosan.nao.fleetManagements.page.SelectOrgPage.searchByFirstDropdown(SelectOrgPage.java:58)
at com.doosan.nao.fleetManagements.test.ServiceTabTest.setUpForLoginTest(ServiceTabTest.java:91)
at sun.reflect.NativeMethodAccessorImpl.invoke0(Native Method)
at sun.reflect.NativeMethodAccessorImpl.invoke(Unknown Source)
at sun.reflect.DelegatingMethodAccessorImpl.invoke(Unknown Source)
at java.lang.reflect.Method.invoke(Unknown Source)
at org.testng.internal.MethodInvocationHelper.invokeMethod(MethodInvocationHelper.java:124)
at org.testng.internal.MethodInvocationHelper.invokeMethodConsideringTimeout(MethodInvocationHelper.java:59)
at org.testng.internal.Invoker.invokeConfigurationMethod(Invoker.java:458)
at org.testng.internal.Invoker.invokeConfigurations(Invoker.java:222)
at org.testng.internal.Invoker.invokeConfigurations(Invoker.java:142)
at org.testng.TestRunner.beforeRun(TestRunner.java:529)
at org.testng.TestRunner.run(TestRunner.java:497)
at org.testng.SuiteRunner.runTest(SuiteRunner.java:455)
at org.testng.SuiteRunner.runSequentially(SuiteRunner.java:450)
at org.testng.SuiteRunner.privateRun(SuiteRunner.java:415)
at org.testng.SuiteRunner.run(SuiteRunner.java:364)
at org.testng.SuiteRunnerWorker.runSuite(SuiteRunnerWorker.java:52)
at org.testng.SuiteRunnerWorker.run(SuiteRunnerWorker.java:84)
at org.testng.TestNG.runSuitesSequentially(TestNG.java:1208)
at org.testng.TestNG.runSuitesLocally(TestNG.java:1137)
at org.testng.TestNG.runSuites(TestNG.java:1049)
at org.testng.TestNG.run(TestNG.java:1017)
at org.testng.remote.AbstractRemoteTestNG.run(AbstractRemoteTestNG.java:114)
at org.testng.remote.RemoteTestNG.initAndRun(RemoteTestNG.java:251)
at org.testng.remote.RemoteTestNG.main(RemoteTestNG.java:77)
]]>
    </error>
  </testcase> <!-- setUpForLoginTest -->
  <testcase name="testValidatefleetManagementLink" time="0.000" classname="com.doosan.nao.fleetManagements.test.ServiceTabTest">
    <skipped/>
  </testcase> <!-- testValidatefleetManagementLink -->
  <testcase name="testValidateFleetmanagementTabs" time="0.000" classname="com.doosan.nao.fleetManagements.test.ServiceTabTest">
    <skipped/>
  </testcase> <!-- testValidateFleetmanagementTabs -->
  <testcase name="testValidateEquipmentsInGrid" time="0.000" classname="com.doosan.nao.fleetManagements.test.ServiceTabTest">
    <skipped/>
  </testcase> <!-- testValidateEquipmentsInGrid -->
  <testcase name="testServiceTabAvailable" time="0.000" classname="com.doosan.nao.fleetManagements.test.ServiceTabTest">
    <skipped/>
  </testcase> <!-- testServiceTabAvailable -->
  <testcase name="testServiceTableHeader" time="0.000" classname="com.doosan.nao.fleetManagements.test.ServiceTabTest">
    <skipped/>
  </testcase> <!-- testServiceTableHeader -->
  <testcase name="testServiceTableDatainfo" time="0.000" classname="com.doosan.nao.fleetManagements.test.ServiceTabTest">
    <skipped/>
  </testcase> <!-- testServiceTableDatainfo -->
  <testcase name="testMoreLinksClicking" time="0.000" classname="com.doosan.nao.fleetManagements.test.ServiceTabTest">
    <skipped/>
  </testcase> <!-- testMoreLinksClicking -->
  <testcase name="testVerifyDescriptionCol" time="0.000" classname="com.doosan.nao.fleetManagements.test.ServiceTabTest">
    <skipped/>
  </testcase> <!-- testVerifyDescriptionCol -->
  <testcase name="testVerifyTableHeadersTextGetingInMoreLinkPopup" time="0.000" classname="com.doosan.nao.fleetManagements.test.ServiceTabTest">
    <skipped/>
  </testcase> <!-- testVerifyTableHeadersTextGetingInMoreLinkPopup -->
  <testcase name="testTableHeadersTextVerifyInMoreLinkPopup" time="0.000" classname="com.doosan.nao.fleetManagements.test.ServiceTabTest">
    <skipped/>
  </testcase> <!-- testTableHeadersTextVerifyInMoreLinkPopup -->
  <testcase name="testTableDataHeaderValuesInMoreLinkPopup" time="0.000" classname="com.doosan.nao.fleetManagements.test.ServiceTabTest">
    <skipped/>
  </testcase> <!-- testTableDataHeaderValuesInMoreLinkPopup -->
  <testcase name="testTableDataValuesInMoreLinkPopup" time="0.000" classname="com.doosan.nao.fleetManagements.test.ServiceTabTest">
    <skipped/>
  </testcase> <!-- testTableDataValuesInMoreLinkPopup -->
  <testcase name="testSericeLogTabisAvailable" time="0.000" classname="com.doosan.nao.fleetManagements.test.ServiceTabTest">
    <skipped/>
  </testcase> <!-- testSericeLogTabisAvailable -->
  <testcase name="testServiceLogTableHeaders" time="0.000" classname="com.doosan.nao.fleetManagements.test.ServiceTabTest">
    <skipped/>
  </testcase> <!-- testServiceLogTableHeaders -->
  <testcase name="testServiceLogTableData" time="0.000" classname="com.doosan.nao.fleetManagements.test.ServiceTabTest">
    <skipped/>
  </testcase> <!-- testServiceLogTableData -->
  <testcase name="testVerifytheDropdownValuesIsdisabled" time="0.000" classname="com.doosan.nao.fleetManagements.test.ServiceTabTest">
    <skipped/>
  </testcase> <!-- testVerifytheDropdownValuesIsdisabled -->
  <testcase name="testValidateEquipmetsIOTtoFMPortal" time="0.000" classname="com.doosan.nao.fleetManagements.test.ServiceTabTest">
    <skipped/>
  </testcase> <!-- testValidateEquipmetsIOTtoFMPortal -->
  <testcase name="testValidateIOTToFMEquipmentDetails" time="0.000" classname="com.doosan.nao.fleetManagements.test.ServiceTabTest">
    <skipped/>
  </testcase> <!-- testValidateIOTToFMEquipmentDetails -->
  <testcase name="testValidateIOTToFMEquipmentServiesLogDetails" time="0.000" classname="com.doosan.nao.fleetManagements.test.ServiceTabTest">
    <skipped/>
  </testcase> <!-- testValidateIOTToFMEquipmentServiesLogDetails -->
  <testcase name="testValidateNoneValueProperties" time="0.000" classname="com.doosan.nao.fleetManagements.test.ServiceTabTest">
    <skipped/>
  </testcase> <!-- testValidateNoneValueProperties -->
  <testcase name="testValideDeletePropertyValueInIOTPortal" time="0.000" classname="com.doosan.nao.fleetManagements.test.ServiceTabTest">
    <skipped/>
  </testcase> <!-- testValideDeletePropertyValueInIOTPortal -->
  <testcase name="testValideDeletePropertyValueInPassportalPortal" time="0.000" classname="com.doosan.nao.fleetManagements.test.ServiceTabTest">
    <skipped/>
  </testcase> <!-- testValideDeletePropertyValueInPassportalPortal -->
  <testcase name="validateSetupProperrtiesValuesIOTPortal" time="0.000" classname="com.doosan.nao.fleetManagements.test.ServiceTabTest">
    <skipped/>
  </testcase> <!-- validateSetupProperrtiesValuesIOTPortal -->
  <testcase name="validatePropertyValueSetupOrnot" time="0.000" classname="com.doosan.nao.fleetManagements.test.ServiceTabTest">
    <skipped/>
  </testcase> <!-- validatePropertyValueSetupOrnot -->
</testsuite> <!-- com.doosan.nao.fleetManagements.test.ServiceTabTest -->
