<?xml version="1.0" encoding="UTF-8"?>
<!-- Generated by org.testng.reporters.JUnitReportReporter -->
<testsuite skipped="0" hostname="Che-Lt-Rajak" name="com.doosan.nao.pagfactory.classOrderTest.quickOrderPageTest.QuickOrdValidateAddCartTest" tests="14" failures="0" timestamp="02 Jul 2019 11:53:48 GMT" time="1780.190" errors="1">
  <testcase name="validateSelectOrgPageTwoDropDownTest" time="117.757" classname="com.doosan.nao.pagfactory.classOrderTest.quickOrderPageTest.QuickOrdValidateAddCartTest"/>
  <testcase name="validateSelectOrgPageTwoDropDownTest" time="349.887" classname="com.doosan.nao.pagfactory.classOrderTest.quickOrderPageTest.QuickOrdValidateAddCartTest">
    <error type="org.openqa.selenium.TimeoutException" message="Expected condition failed: waiting for visibility of Proxy element for: DefaultElementLocator &#039;By.id: userinfo&#039; (tried for 300 second(s) with 500 milliseconds interval)">
      <![CDATA[org.openqa.selenium.TimeoutException: Expected condition failed: waiting for visibility of Proxy element for: DefaultElementLocator 'By.id: userinfo' (tried for 300 second(s) with 500 milliseconds interval)
at org.openqa.selenium.support.ui.WebDriverWait.timeoutException(WebDriverWait.java:95)
at org.openqa.selenium.support.ui.FluentWait.until(FluentWait.java:272)
at com.doosan.nao.PageFactory.SelectOrgPage.verifyWelcomeText(SelectOrgPage.java:716)
at com.doosan.nao.pagfactory.classOrderTest.quickOrderPageTest.QuickOrdValidateAddCartTest.validateSelectOrgPageTwoDropDownTest(QuickOrdValidateAddCartTest.java:80)
at sun.reflect.NativeMethodAccessorImpl.invoke0(Native Method)
at sun.reflect.NativeMethodAccessorImpl.invoke(Unknown Source)
at sun.reflect.DelegatingMethodAccessorImpl.invoke(Unknown Source)
at java.lang.reflect.Method.invoke(Unknown Source)
at org.testng.internal.MethodInvocationHelper.invokeMethod(MethodInvocationHelper.java:124)
at org.testng.internal.Invoker.invokeMethod(Invoker.java:583)
at org.testng.internal.Invoker.invokeTestMethod(Invoker.java:719)
at org.testng.internal.Invoker.invokeTestMethods(Invoker.java:989)
at org.testng.internal.TestMethodWorker.invokeTestMethods(TestMethodWorker.java:125)
at org.testng.internal.TestMethodWorker.run(TestMethodWorker.java:109)
at org.testng.TestRunner.privateRun(TestRunner.java:648)
at org.testng.TestRunner.run(TestRunner.java:505)
at org.testng.SuiteRunner.runTest(SuiteRunner.java:455)
at org.testng.SuiteRunner.runSequentially(SuiteRunner.java:450)
at org.testng.SuiteRunner.privateRun(SuiteRunner.java:415)
at org.testng.SuiteRunner.run(SuiteRunner.java:364)
at org.testng.SuiteRunnerWorker.runSuite(SuiteRunnerWorker.java:52)
at org.testng.SuiteRunnerWorker.run(SuiteRunnerWorker.java:84)
at org.testng.TestNG.runSuitesSequentially(TestNG.java:1208)
at org.testng.TestNG.runSuitesLocally(TestNG.java:1137)
at org.testng.TestNG.runSuites(TestNG.java:1049)
at org.testng.TestNG.run(TestNG.java:1017)
at org.testng.remote.AbstractRemoteTestNG.run(AbstractRemoteTestNG.java:114)
at org.testng.remote.RemoteTestNG.initAndRun(RemoteTestNG.java:251)
at org.testng.remote.RemoteTestNG.main(RemoteTestNG.java:77)
Caused by: org.openqa.selenium.NoSuchElementException: no such element: Unable to locate element: {"method":"css selector","selector":"#userinfo"}
  (Session info: chrome=75.0.3770.100)
For documentation on this error, please visit: https://www.seleniumhq.org/exceptions/no_such_element.html
Build info: version: '3.141.59', revision: 'e82be7d358', time: '2018-11-14T08:17:03'
System info: host: 'CHE-LT-RAJAK', ip: '10.53.38.100', os.name: 'Windows 10', os.arch: 'amd64', os.version: '10.0', java.version: '1.8.0_161'
Driver info: org.openqa.selenium.chrome.ChromeDriver
Capabilities {acceptInsecureCerts: false, browserName: chrome, browserVersion: 75.0.3770.100, chrome: {chromedriverVersion: 75.0.3770.8 (681f24ea911fe7..., userDataDir: C:\Users\RAJKUM~1\AppData\L...}, goog:chromeOptions: {debuggerAddress: localhost:54032}, javascriptEnabled: true, networkConnectionEnabled: false, pageLoadStrategy: normal, platform: XP, platformName: XP, proxy: Proxy(), setWindowRect: true, strictFileInteractability: false, timeouts: {implicit: 0, pageLoad: 300000, script: 30000}, unhandledPromptBehavior: dismiss and notify}
Session ID: bd2119c8f043c04dbef4c0d1569cfacc
*** Element info: {Using=id, value=userinfo}
at sun.reflect.GeneratedConstructorAccessor42.newInstance(Unknown Source)
at sun.reflect.DelegatingConstructorAccessorImpl.newInstance(Unknown Source)
at java.lang.reflect.Constructor.newInstance(Unknown Source)
at org.openqa.selenium.remote.http.W3CHttpResponseCodec.createException(W3CHttpResponseCodec.java:187)
at org.openqa.selenium.remote.http.W3CHttpResponseCodec.decode(W3CHttpResponseCodec.java:122)
at org.openqa.selenium.remote.http.W3CHttpResponseCodec.decode(W3CHttpResponseCodec.java:49)
at org.openqa.selenium.remote.HttpCommandExecutor.execute(HttpCommandExecutor.java:158)
at org.openqa.selenium.remote.service.DriverCommandExecutor.execute(DriverCommandExecutor.java:83)
at org.openqa.selenium.remote.RemoteWebDriver.execute(RemoteWebDriver.java:552)
at org.openqa.selenium.remote.RemoteWebDriver.findElement(RemoteWebDriver.java:323)
at org.openqa.selenium.remote.RemoteWebDriver.findElementById(RemoteWebDriver.java:372)
at org.openqa.selenium.By$ById.findElement(By.java:188)
at org.openqa.selenium.remote.RemoteWebDriver.findElement(RemoteWebDriver.java:315)
at sun.reflect.GeneratedMethodAccessor2.invoke(Unknown Source)
at sun.reflect.DelegatingMethodAccessorImpl.invoke(Unknown Source)
at java.lang.reflect.Method.invoke(Unknown Source)
at org.openqa.selenium.support.events.EventFiringWebDriver.lambda$new$1(EventFiringWebDriver.java:105)
at com.sun.proxy.$Proxy9.findElement(Unknown Source)
at org.openqa.selenium.support.events.EventFiringWebDriver.findElement(EventFiringWebDriver.java:194)
at org.openqa.selenium.support.pagefactory.DefaultElementLocator.findElement(DefaultElementLocator.java:69)
at org.openqa.selenium.support.pagefactory.internal.LocatingElementHandler.invoke(LocatingElementHandler.java:38)
at com.sun.proxy.$Proxy13.isDisplayed(Unknown Source)
at org.openqa.selenium.support.ui.ExpectedConditions.elementIfVisible(ExpectedConditions.java:314)
at org.openqa.selenium.support.ui.ExpectedConditions.access$000(ExpectedConditions.java:43)
at org.openqa.selenium.support.ui.ExpectedConditions$10.apply(ExpectedConditions.java:300)
at org.openqa.selenium.support.ui.ExpectedConditions$10.apply(ExpectedConditions.java:297)
at org.openqa.selenium.support.ui.FluentWait.until(FluentWait.java:249)
... 27 more
]]>
    </error>
  </testcase> <!-- validateSelectOrgPageTwoDropDownTest -->
  <testcase name="validateSelectOrgPageTwoDropDownTest" time="101.764" classname="com.doosan.nao.pagfactory.classOrderTest.quickOrderPageTest.QuickOrdValidateAddCartTest"/>
  <testcase name="validateSelectOrgPageTwoDropDownTest" time="116.369" classname="com.doosan.nao.pagfactory.classOrderTest.quickOrderPageTest.QuickOrdValidateAddCartTest"/>
  <testcase name="validateSelectOrgPageTwoDropDownTest" time="119.882" classname="com.doosan.nao.pagfactory.classOrderTest.quickOrderPageTest.QuickOrdValidateAddCartTest"/>
  <testcase name="validateSelectOrgPageTwoDropDownTest" time="103.978" classname="com.doosan.nao.pagfactory.classOrderTest.quickOrderPageTest.QuickOrdValidateAddCartTest"/>
  <testcase name="validateSelectOrgPageTwoDropDownTest" time="104.174" classname="com.doosan.nao.pagfactory.classOrderTest.quickOrderPageTest.QuickOrdValidateAddCartTest"/>
  <testcase name="validateSelectOrgPageTwoDropDownTest" time="119.633" classname="com.doosan.nao.pagfactory.classOrderTest.quickOrderPageTest.QuickOrdValidateAddCartTest"/>
  <testcase name="validateSelectOrgPageTwoDropDownTest" time="108.955" classname="com.doosan.nao.pagfactory.classOrderTest.quickOrderPageTest.QuickOrdValidateAddCartTest"/>
  <testcase name="validateSelectOrgPageTwoDropDownTest" time="102.532" classname="com.doosan.nao.pagfactory.classOrderTest.quickOrderPageTest.QuickOrdValidateAddCartTest"/>
  <testcase name="validateSelectOrgPageTwoDropDownTest" time="114.480" classname="com.doosan.nao.pagfactory.classOrderTest.quickOrderPageTest.QuickOrdValidateAddCartTest"/>
  <testcase name="validateSelectOrgPageTwoDropDownTest" time="113.923" classname="com.doosan.nao.pagfactory.classOrderTest.quickOrderPageTest.QuickOrdValidateAddCartTest"/>
  <testcase name="validateSelectOrgPageTwoDropDownTest" time="99.080" classname="com.doosan.nao.pagfactory.classOrderTest.quickOrderPageTest.QuickOrdValidateAddCartTest"/>
  <testcase name="validateSelectOrgPageTwoDropDownTest" time="107.776" classname="com.doosan.nao.pagfactory.classOrderTest.quickOrderPageTest.QuickOrdValidateAddCartTest"/>
</testsuite> <!-- com.doosan.nao.pagfactory.classOrderTest.quickOrderPageTest.QuickOrdValidateAddCartTest -->
