<?xml version="1.0" encoding="UTF-8"?>
<testsuite name="BatchOrderUploadTest"
           tests="3"
           failures="2"
           errors="0"
           skipped="1"
           time="0.165">
  <properties />
            <testcase name="initializebathcOrderUploadTest" time="0.165" classname="com.doosan.nao.test.BatchOrderUploadTest">
                <failure type="java.lang.IllegalStateException"
                  message="The driver executable does not exist: E:\seleniumAutomationScripts\hybris\hyb4nov18\hybNov62017\BrowserSetUp\geckodriver.exe"
              >
<![CDATA[java.lang.IllegalStateException: The driver executable does not exist: E:\seleniumAutomationScripts\hybris\hyb4nov18\hybNov62017\BrowserSetUp\geckodriver.exe
  com.google.common.base.Preconditions.checkState(Preconditions.java:585)
  org.openqa.selenium.remote.service.DriverService.checkExecutable(DriverService.java:146)
  org.openqa.selenium.remote.service.DriverService.findExecutable(DriverService.java:141)
  org.openqa.selenium.firefox.GeckoDriverService.access$100(GeckoDriverService.java:44)
  org.openqa.selenium.firefox.GeckoDriverService$Builder.findDefaultExecutable(GeckoDriverService.java:167)
  org.openqa.selenium.remote.service.DriverService$Builder.build(DriverService.java:355)
  org.openqa.selenium.firefox.FirefoxDriver.toExecutor(FirefoxDriver.java:190)
  org.openqa.selenium.firefox.FirefoxDriver.<init>(FirefoxDriver.java:147)
  org.openqa.selenium.firefox.FirefoxDriver.<init>(FirefoxDriver.java:125)
  com.doosan.nao.init.WebdriverSelector.getDriver(WebdriverSelector.java:55)
  com.doosan.nao.test.BatchOrderUploadTest.initializebathcOrderUploadTest(BatchOrderUploadTest.java:63)
  sun.reflect.NativeMethodAccessorImpl.invoke0(Native Method)
  sun.reflect.NativeMethodAccessorImpl.invoke(Unknown Source)
  sun.reflect.DelegatingMethodAccessorImpl.invoke(Unknown Source)
  java.lang.reflect.Method.invoke(Unknown Source)
  org.testng.internal.MethodInvocationHelper.invokeMethod(MethodInvocationHelper.java:124)
  org.testng.internal.MethodInvocationHelper.invokeMethodConsideringTimeout(MethodInvocationHelper.java:59)
  org.testng.internal.Invoker.invokeConfigurationMethod(Invoker.java:458)
  org.testng.internal.Invoker.invokeConfigurations(Invoker.java:222)
  org.testng.internal.Invoker.invokeConfigurations(Invoker.java:142)
  org.testng.TestRunner.beforeRun(TestRunner.java:529)
  org.testng.TestRunner.run(TestRunner.java:497)
  org.testng.SuiteRunner.runTest(SuiteRunner.java:455)
  org.testng.SuiteRunner.runSequentially(SuiteRunner.java:450)
  org.testng.SuiteRunner.privateRun(SuiteRunner.java:415)
  org.testng.SuiteRunner.run(SuiteRunner.java:364)
  org.testng.SuiteRunnerWorker.runSuite(SuiteRunnerWorker.java:52)
  org.testng.SuiteRunnerWorker.run(SuiteRunnerWorker.java:84)
  org.testng.TestNG.runSuitesSequentially(TestNG.java:1208)
  org.testng.TestNG.runSuitesLocally(TestNG.java:1137)
  org.testng.TestNG.runSuites(TestNG.java:1049)
  org.testng.TestNG.run(TestNG.java:1017)
  org.testng.remote.AbstractRemoteTestNG.run(AbstractRemoteTestNG.java:114)
  org.testng.remote.RemoteTestNG.initAndRun(RemoteTestNG.java:251)
  org.testng.remote.RemoteTestNG.main(RemoteTestNG.java:77)
]]>
      </failure>

          </testcase>
            <testcase name="bathcOrderUploadTest" time="0.000" classname="com.doosan.nao.test.BatchOrderUploadTest">
                <failure type="org.testng.TestNGException"
                  message="
Data Provider public java.lang.Object[][] com.doosan.nao.test.BatchOrderUploadTest.getInputFromXLS() throws java.lang.Exception returned a null value"
              >
<![CDATA[org.testng.TestNGException: 
Data Provider public java.lang.Object[][] com.doosan.nao.test.BatchOrderUploadTest.getInputFromXLS() throws java.lang.Exception returned a null value
  org.testng.internal.MethodInvocationHelper.invokeDataProvider(MethodInvocationHelper.java:133)
  org.testng.internal.Parameters.handleParameters(Parameters.java:706)
  org.testng.internal.ParameterHandler.handleParameters(ParameterHandler.java:49)
  org.testng.internal.ParameterHandler.createParameters(ParameterHandler.java:37)
  org.testng.internal.Invoker.invokeTestMethods(Invoker.java:924)
  org.testng.internal.TestMethodWorker.invokeTestMethods(TestMethodWorker.java:125)
  org.testng.internal.TestMethodWorker.run(TestMethodWorker.java:109)
  org.testng.TestRunner.privateRun(TestRunner.java:648)
  org.testng.TestRunner.run(TestRunner.java:505)
  org.testng.SuiteRunner.runTest(SuiteRunner.java:455)
  org.testng.SuiteRunner.runSequentially(SuiteRunner.java:450)
  org.testng.SuiteRunner.privateRun(SuiteRunner.java:415)
  org.testng.SuiteRunner.run(SuiteRunner.java:364)
  org.testng.SuiteRunnerWorker.runSuite(SuiteRunnerWorker.java:52)
  org.testng.SuiteRunnerWorker.run(SuiteRunnerWorker.java:84)
  org.testng.TestNG.runSuitesSequentially(TestNG.java:1208)
  org.testng.TestNG.runSuitesLocally(TestNG.java:1137)
  org.testng.TestNG.runSuites(TestNG.java:1049)
  org.testng.TestNG.run(TestNG.java:1017)
  org.testng.remote.AbstractRemoteTestNG.run(AbstractRemoteTestNG.java:114)
  org.testng.remote.RemoteTestNG.initAndRun(RemoteTestNG.java:251)
  org.testng.remote.RemoteTestNG.main(RemoteTestNG.java:77)
]]>
      </failure>

          </testcase>
  
            <testcase name="teardown" time="0.0" classname="com.doosan.nao.test.BatchOrderUploadTest">
          <skipped />
    </testcase>
  
  
</testsuite>
