<?xml version="1.0" encoding="UTF-8"?>
<testsuite name="Test Class AdminAddNew Comment"
           tests="14"
           failures="1"
           errors="0"
           skipped="13"
           time="0.000">
  <properties />
            <testcase name="setUpForLoginTest" time="0.000" classname="com.doosan.nao.fleetManagements.test.TestAddcommentDifferentDealers">
                <failure type="org.testng.TestNGException"
                  message="
Method setUpForLoginTest requires 10 parameters but 9 were supplied in the BeforeTest annotation."
              >
<![CDATA[org.testng.TestNGException: 
Method setUpForLoginTest requires 10 parameters but 9 were supplied in the BeforeTest annotation.
  org.testng.internal.Parameters.checkParameterTypes(Parameters.java:415)
  org.testng.internal.Parameters.createParametersForMethod(Parameters.java:356)
  org.testng.internal.Parameters.createParameters(Parameters.java:620)
  org.testng.internal.Parameters.createConfigurationParameters(Parameters.java:190)
  org.testng.internal.Invoker.invokeConfigurations(Invoker.java:209)
  org.testng.internal.Invoker.invokeConfigurations(Invoker.java:142)
  org.testng.TestRunner.beforeRun(TestRunner.java:529)
  org.testng.TestRunner.run(TestRunner.java:497)
  org.testng.SuiteRunner.runTest(SuiteRunner.java:455)
  org.testng.SuiteRunner.runSequentially(SuiteRunner.java:450)
  org.testng.SuiteRunner.privateRun(SuiteRunner.java:415)
  org.testng.SuiteRunner.run(SuiteRunner.java:364)
  org.testng.SuiteRunnerWorker.runSuite(SuiteRunnerWorker.java:52)
  org.testng.SuiteRunnerWorker.run(SuiteRunnerWorker.java:84)
  org.testng.TestNG.runSuitesSequentially(TestNG.java:1208)
  org.testng.TestNG.runSuitesLocally(TestNG.java:1137)
  org.testng.TestNG.runSuites(TestNG.java:1049)
  org.testng.TestNG.run(TestNG.java:1017)
  org.testng.remote.AbstractRemoteTestNG.run(AbstractRemoteTestNG.java:114)
  org.testng.remote.RemoteTestNG.initAndRun(RemoteTestNG.java:251)
  org.testng.remote.RemoteTestNG.main(RemoteTestNG.java:77)
]]>
      </failure>

          </testcase>
  
            <testcase name="onTestFailure" time="0.0" classname="com.doosan.nao.fleetManagements.test.TestAddcommentDifferentDealers">
          <skipped />
    </testcase>
            <testcase name="BrowserQuit" time="0.0" classname="com.doosan.nao.fleetManagements.test.TestAddcommentDifferentDealers">
          <skipped />
    </testcase>
            <testcase name="onTestFailure" time="0.0" classname="com.doosan.nao.fleetManagements.test.TestAddcommentDifferentDealers">
          <skipped />
    </testcase>
            <testcase name="onTestFailure" time="0.0" classname="com.doosan.nao.fleetManagements.test.TestAddcommentDifferentDealers">
          <skipped />
    </testcase>
            <testcase name="onTestFailure" time="0.0" classname="com.doosan.nao.fleetManagements.test.TestAddcommentDifferentDealers">
          <skipped />
    </testcase>
            <testcase name="onTestFailure" time="0.0" classname="com.doosan.nao.fleetManagements.test.TestAddcommentDifferentDealers">
          <skipped />
    </testcase>
            <testcase name="onTestFailure" time="0.0" classname="com.doosan.nao.fleetManagements.test.TestAddcommentDifferentDealers">
          <skipped />
    </testcase>
            <testcase name="testNewCommentaddedinAnotherDealer" time="0.0" classname="com.doosan.nao.fleetManagements.test.TestAddcommentDifferentDealers">
          <skipped />
    </testcase>
            <testcase name="testValidateTotalComments" time="0.0" classname="com.doosan.nao.fleetManagements.test.TestAddcommentDifferentDealers">
          <skipped />
    </testcase>
            <testcase name="testclickFleetManagementLink1489" time="0.0" classname="com.doosan.nao.fleetManagements.test.TestAddcommentDifferentDealers">
          <skipped />
    </testcase>
            <testcase name="testVrifyAddcommentLinkfor1725" time="0.0" classname="com.doosan.nao.fleetManagements.test.TestAddcommentDifferentDealers">
          <skipped />
    </testcase>
            <testcase name="testclickFleetManagementLink1725" time="0.0" classname="com.doosan.nao.fleetManagements.test.TestAddcommentDifferentDealers">
          <skipped />
    </testcase>
            <testcase name="testValidateAddNewComments" time="0.0" classname="com.doosan.nao.fleetManagements.test.TestAddcommentDifferentDealers">
          <skipped />
    </testcase>
  
  
</testsuite>
