<html>
<head>
<title>TestNG:  com.doosan.nao.classOrderTest.ClassFourOrderValidator for firefox1</title>
<link href="../testng.css" rel="stylesheet" type="text/css" />
<link href="../my-testng.css" rel="stylesheet" type="text/css" />

<style type="text/css">
.log { display: none;} 
.stack-trace { display: none;} 
</style>
<script type="text/javascript">
<!--
function flip(e) {
  current = e.style.display;
  if (current == 'block') {
    e.style.display = 'none';
    return 0;
  }
  else {
    e.style.display = 'block';
    return 1;
  }
}

function toggleBox(szDivId, elem, msg1, msg2)
{
  var res = -1;  if (document.getElementById) {
    res = flip(document.getElementById(szDivId));
  }
  else if (document.all) {
    // this is the way old msie versions work
    res = flip(document.all[szDivId]);
  }
  if(elem) {
    if(res == 0) elem.innerHTML = msg1; else elem.innerHTML = msg2;
  }

}

function toggleAllBoxes() {
  if (document.getElementsByTagName) {
    d = document.getElementsByTagName('div');
    for (i = 0; i < d.length; i++) {
      if (d[i].className == 'log') {
        flip(d[i]);
      }
    }
  }
}

// -->
</script>

</head>
<body>
<h2 align='center'>com.doosan.nao.classOrderTest.ClassFourOrderValidator for firefox1</h2><table border='1' align="center">
<tr>
<td>Tests passed/Failed/Skipped:</td><td>0/0/16</td>
</tr><tr>
<td>Started on:</td><td>Fri Mar 20 15:16:28 IST 2015</td>
</tr>
<tr><td>Total time:</td><td>49 seconds (49522 ms)</td>
</tr><tr>
<td>Included groups:</td><td></td>
</tr><tr>
<td>Excluded groups:</td><td></td>
</tr>
</table><p/>
<small><i>(Hover the method name to see the test class name)</i></small><p/>
<table width='100%' border='1' class='invocation-failed'>
<tr><td colspan='4' align='center'><b>FAILED CONFIGURATIONS</b></td></tr>
<tr><td><b>Test method</b></td>
<td width="30%"><b>Exception</b></td>
<td width="10%"><b>Time (seconds)</b></td>
<td><b>Instance</b></td>
</tr>
<tr>
<td title='com.doosan.nao.classOrderTest.ClassFourOrderValidator.setUpForClassFourOrderValidatorTest()'><b>setUpForClassFourOrderValidatorTest</b><br>Test class: com.doosan.nao.classOrderTest.ClassFourOrderValidator<br>Parameters: firefox, 30.0, Windows, 7</td>
<td><div><pre>org.openqa.selenium.WebDriverException: Failed to connect to binary FirefoxBinary(C:\Program Files (x86)\Mozilla Firefox\firefox.exe) on port 7056; process output follows: 
AF8DCA-6DE9-405D-BD5E-43525BDAD38A}.xpi&quot;,&quot;installDate&quot;:1405342340000,&quot;updateDate&quot;:1405342340000,&quot;applyBackgroundUpdates&quot;:1,&quot;bootstrap&quot;:true,&quot;size&quot;:331368,&quot;sourceURI&quot;:null,&quot;releaseNotesURI&quot;:null,&quot;softDisabled&quot;:false,&quot;foreignInstall&quot;:true,&quot;hasBinaryComponents&quot;:false,&quot;strictCompatibility&quot;:false,&quot;locales&quot;:[],&quot;targetApplications&quot;:[{&quot;id&quot;:&quot;{ec8030f7-c20a-464f-9b0e-13a3a9e97384}&quot;,&quot;minVersion&quot;:&quot;21.0&quot;,&quot;maxVersion&quot;:&quot;25.0a1&quot;}],&quot;targetPlatforms&quot;:[],&quot;multiprocessCompatible&quot;:false}
1426844826961	addons.xpi	DEBUG	getModTime: Recursive scan of {82AF8DCA-6DE9-405D-BD5E-43525BDAD38A}
1426844826966	addons.xpi	DEBUG	Loading bootstrap scope from C:\Program Files (x86)\Mozilla Firefox\browser\extensions\{82AF8DCA-6DE9-405D-BD5E-43525BDAD38A}.xpi
1426844826974	addons.xpi	DEBUG	Calling bootstrap method install on {82AF8DCA-6DE9-405D-BD5E-43525BDAD38A} version 7.3.16540.9015
1426844826974	addons.xpi	DEBUG	New add-on {972ce4c6-7e08-4474-a285-3208198ce6fd} installed in app-global
1426844826977	addons.xpi-utils	DEBUG	Make addon app-global:{972ce4c6-7e08-4474-a285-3208198ce6fd} visible
1426844826977	DeferredSave.extensions.json	DEBUG	Save changes
1426844826977	DeferredSave.extensions.json	DEBUG	Save changes
1426844826978	addons.xpi	DEBUG	Updating XPIState for {&quot;id&quot;:&quot;{972ce4c6-7e08-4474-a285-3208198ce6fd}&quot;,&quot;syncGUID&quot;:&quot;2cIHy4ppuWW1&quot;,&quot;location&quot;:&quot;app-global&quot;,&quot;version&quot;:&quot;36.0.1&quot;,&quot;type&quot;:&quot;theme&quot;,&quot;internalName&quot;:&quot;classic/1.0&quot;,&quot;updateURL&quot;:null,&quot;updateKey&quot;:null,&quot;optionsURL&quot;:null,&quot;optionsType&quot;:null,&quot;aboutURL&quot;:null,&quot;iconURL&quot;:null,&quot;icon64URL&quot;:null,&quot;defaultLocale&quot;:{&quot;name&quot;:&quot;Default&quot;,&quot;description&quot;:&quot;The default theme.&quot;,&quot;creator&quot;:&quot;Mozilla&quot;,&quot;homepageURL&quot;:null,&quot;contributors&quot;:[&quot;Mozilla Contributors&quot;]},&quot;visible&quot;:true,&quot;active&quot;:true,&quot;userDisabled&quot;:false,&quot;appDisabled&quot;:false,&quot;descriptor&quot;:&quot;C:\\Program Files (x86)\\Mozilla Firefox\\browser\\extensions\\{972ce4c6-7e08-4474-a285-3208198ce6fd}&quot;,&quot;installDate&quot;:1425894785802,&quot;updateDate&quot;:1425894785802,&quot;applyBackgroundUpdates&quot;:1,&quot;skinnable&quot;:true,&quot;size&quot;:3175,&quot;sourceURI&quot;:null,&quot;releaseNotesURI&quot;:null,&quot;softDisabled&quot;:false,&quot;foreignInstall&quot;:false,&quot;hasBinaryComponents&quot;:false,&quot;strictCompatibility&quot;:true,&quot;locales&quot;:[],&quot;targetApplications&quot;:[{&quot;id&quot;:&quot;{ec8030f7-c20a-464f-9b0e-13a3a9e97384}&quot;,&quot;minVersion&quot;:&quot;36.0.1&quot;,&quot;maxVersion&quot;:&quot;36.0.1&quot;}],&quot;targetPlatforms&quot;:[]}
1426844826978	addons.xpi	DEBUG	getModTime: Recursive scan of {972ce4c6-7e08-4474-a285-3208198ce6fd}
1426844826979	addons.xpi	DEBUG	Updating database with changes to installed add-ons
1426844826979	addons.xpi-utils	DEBUG	Updating add-on states
1426844826982	addons.xpi-utils	DEBUG	Writing add-ons list
1426844826989	addons.xpi	DEBUG	Registering manifest for C:\Program Files (x86)\Mozilla Firefox\browser\extensions\{82AF8DCA-6DE9-405D-BD5E-43525BDAD38A}.xpi
1426844826989	addons.xpi	DEBUG	Calling bootstrap method startup on {82AF8DCA-6DE9-405D-BD5E-43525BDAD38A} version 7.3.16540.9015
1426844827061	addons.manager	DEBUG	Registering shutdown blocker for XPIProvider
1426844827061	addons.manager	DEBUG	Registering shutdown blocker for LightweightThemeManager
1426844827063	addons.manager	DEBUG	Registering shutdown blocker for OpenH264Provider
1426844827063	addons.manager	DEBUG	Registering shutdown blocker for PluginProvider
1426844835179	DeferredSave.extensions.json	DEBUG	Starting timer
1426844835205	DeferredSave.extensions.json	DEBUG	Starting write
1426844835387	addons.manager	DEBUG	shutdown
1426844835387	addons.manager	DEBUG	Calling shutdown blocker for XPIProvider
1426844835388	addons.xpi	DEBUG	shutdown
1426844835388	addons.xpi-utils	DEBUG	shutdown
1426844835389	addons.manager	DEBUG	Calling shutdown blocker for LightweightThemeManager
1426844835390	addons.manager	DEBUG	Calling shutdown blocker for OpenH264Provider
1426844835392	addons.manager	DEBUG	Calling shutdown blocker for PluginProvider
1426844836468	DeferredSave.extensions.json	DEBUG	Write succeeded
1426844836469	addons.xpi-utils	DEBUG	XPI Database saved, setting schema version preference to 16
1426844836469	addons.xpi	DEBUG	Notifying XPI shutdown observers
1426844836477	addons.manager	DEBUG	Async provider shutdown done

Build info: version: &apos;2.45.0&apos;, revision: &apos;5017cb8e7ca8e37638dc3091b2440b90a1d8686f&apos;, time: &apos;2015-02-27 09:10:26&apos;
System info: host: &apos;che-lt-tvinoth&apos;, ip: &apos;10.53.9.156&apos;, os.name: &apos;Windows 7&apos;, os.arch: &apos;amd64&apos;, os.version: &apos;6.1&apos;, java.version: &apos;1.7.0_67&apos;
Driver info: driver.version: FirefoxDriver
	at org.openqa.selenium.firefox.internal.NewProfileExtensionConnection.start(NewProfileExtensionConnection.java:134)
	at org.openqa.selenium.firefox.FirefoxDriver.startClient(FirefoxDriver.java:246)
	at org.openqa.selenium.remote.RemoteWebDriver.&lt;init&gt;(RemoteWebDriver.java:114)
	at org.openqa.selenium.firefox.FirefoxDriver.&lt;init&gt;(FirefoxDriver.java:191)
	at org.openqa.selenium.firefox.FirefoxDriver.&lt;init&gt;(FirefoxDriver.java:186)
	at org.openqa.selenium.firefox.FirefoxDriver.&lt;init&gt;(FirefoxDriver.java:182)
	at org.openqa.selenium.firefox.FirefoxDriver.&lt;init&gt;(FirefoxDriver.java:95)
	at com.doosan.nao.init.WebdriverSelector.getDriver(WebdriverSelector.java:49)
	at com.doosan.nao.classOrderTest.ClassFourOrderValidator.setUpForClassFourOrderValidatorTest(ClassFourOrderValidator.java:40)
	at sun.reflect.NativeMethodAccessorImpl.invoke0(Native Method)
	at sun.reflect.NativeMethodAccessorImpl.invoke(Unknown Source)
	at sun.reflect.DelegatingMethodAccessorImpl.invoke(Unknown Source)
	at java.lang.reflect.Method.invoke(Unknown Source)
	at org.testng.internal.MethodInvocationHelper.invokeMethod(MethodInvocationHelper.java:84)
	at org.testng.internal.Invoker.invokeConfigurationMethod(Invoker.java:564)
	at org.testng.internal.Invoker.invokeConfigurations(Invoker.java:213)
	at org.testng.internal.Invoker.invokeMethod(Invoker.java:653)
	at org.testng.internal.Invoker.invokeTestMethod(Invoker.java:901)
	at org.testng.internal.Invoker.invokeTestMethods(Invoker.java:1231)
	at org.testng.internal.TestMethodWorker.invokeTestMethods(TestMethodWorker.java:127)
	at org.testng.internal.TestMethodWorker.run(TestMethodWorker.java:111)
	at org.testng.TestRunner.privateRun(TestRunner.java:767)
	at org.testng.TestRunner.run(TestRunner.java:617)
	at org.testng.SuiteRunner.runTest(SuiteRunner.java:334)
	at org.testng.SuiteRunner.runSequentially(SuiteRunner.java:329)
	at org.testng.SuiteRunner.privateRun(SuiteRunner.java:291)
	at org.testng.SuiteRunner.run(SuiteRunner.java:240)
	at org.testng.SuiteRunnerWorker.runSuite(SuiteRunnerWorker.java:52)
	at org.testng.SuiteRunnerWorker.run(SuiteRunnerWorker.java:86)
	at org.testng.TestNG.runSuitesSequentially(TestNG.java:1224)
	at org.testng.TestNG.runSuitesLocally(TestNG.java:1149)
	at org.testng.TestNG.run(TestNG.java:1057)
	at org.testng.remote.RemoteTestNG.run(RemoteTestNG.java:111)
	at org.testng.remote.RemoteTestNG.initAndRun(RemoteTestNG.java:204)
	at org.testng.remote.RemoteTestNG.main(RemoteTestNG.java:175)
Caused by: org.openqa.selenium.WebDriverException: java.lang.InterruptedException: Process timed out after waiting for 45000 ms.
Build info: version: &apos;2.45.0&apos;, revision: &apos;5017cb8e7ca8e37638dc3091b2440b90a1d8686f&apos;, time: &apos;2015-02-27 09:10:26&apos;
System info: host: &apos;che-lt-tvinoth&apos;, ip: &apos;10.53.9.156&apos;, os.name: &apos;Windows 7&apos;, os.arch: &apos;amd64&apos;, os.version: &apos;6.1&apos;, java.version: &apos;1.7.0_67&apos;
Driver info: driver.version: FirefoxDriver
	at org.openqa.selenium.os.CommandLine.waitFor(CommandLine.java:131)
	at org.openqa.selenium.firefox.FirefoxBinary.waitFor(FirefoxBinary.java:222)
	at org.openqa.selenium.firefox.FirefoxBinary.clean(FirefoxBinary.java:242)
	at org.openqa.selenium.firefox.internal.NewProfileExtensionConnection.start(NewProfileExtensionConnection.java:91)
	... 34 more
Caused by: java.lang.InterruptedException: Process timed out after waiting for 45000 ms.
	at org.openqa.selenium.os.UnixProcess.waitFor(UnixProcess.java:148)
	at org.openqa.selenium.os.CommandLine.waitFor(CommandLine.java:129)
	... 37 more
</pre></div><a href='#' onClick='toggleBox("stack-trace1497101656", this, "Click to show all stack frames", "Click to hide stack frames")'>Click to show all stack frames</a>
<div class='stack-trace' id='stack-trace1497101656'><pre>org.openqa.selenium.WebDriverException: Failed to connect to binary FirefoxBinary(C:\Program Files (x86)\Mozilla Firefox\firefox.exe) on port 7056; process output follows: 
AF8DCA-6DE9-405D-BD5E-43525BDAD38A}.xpi&quot;,&quot;installDate&quot;:1405342340000,&quot;updateDate&quot;:1405342340000,&quot;applyBackgroundUpdates&quot;:1,&quot;bootstrap&quot;:true,&quot;size&quot;:331368,&quot;sourceURI&quot;:null,&quot;releaseNotesURI&quot;:null,&quot;softDisabled&quot;:false,&quot;foreignInstall&quot;:true,&quot;hasBinaryComponents&quot;:false,&quot;strictCompatibility&quot;:false,&quot;locales&quot;:[],&quot;targetApplications&quot;:[{&quot;id&quot;:&quot;{ec8030f7-c20a-464f-9b0e-13a3a9e97384}&quot;,&quot;minVersion&quot;:&quot;21.0&quot;,&quot;maxVersion&quot;:&quot;25.0a1&quot;}],&quot;targetPlatforms&quot;:[],&quot;multiprocessCompatible&quot;:false}
1426844826961	addons.xpi	DEBUG	getModTime: Recursive scan of {82AF8DCA-6DE9-405D-BD5E-43525BDAD38A}
1426844826966	addons.xpi	DEBUG	Loading bootstrap scope from C:\Program Files (x86)\Mozilla Firefox\browser\extensions\{82AF8DCA-6DE9-405D-BD5E-43525BDAD38A}.xpi
1426844826974	addons.xpi	DEBUG	Calling bootstrap method install on {82AF8DCA-6DE9-405D-BD5E-43525BDAD38A} version 7.3.16540.9015
1426844826974	addons.xpi	DEBUG	New add-on {972ce4c6-7e08-4474-a285-3208198ce6fd} installed in app-global
1426844826977	addons.xpi-utils	DEBUG	Make addon app-global:{972ce4c6-7e08-4474-a285-3208198ce6fd} visible
1426844826977	DeferredSave.extensions.json	DEBUG	Save changes
1426844826977	DeferredSave.extensions.json	DEBUG	Save changes
1426844826978	addons.xpi	DEBUG	Updating XPIState for {&quot;id&quot;:&quot;{972ce4c6-7e08-4474-a285-3208198ce6fd}&quot;,&quot;syncGUID&quot;:&quot;2cIHy4ppuWW1&quot;,&quot;location&quot;:&quot;app-global&quot;,&quot;version&quot;:&quot;36.0.1&quot;,&quot;type&quot;:&quot;theme&quot;,&quot;internalName&quot;:&quot;classic/1.0&quot;,&quot;updateURL&quot;:null,&quot;updateKey&quot;:null,&quot;optionsURL&quot;:null,&quot;optionsType&quot;:null,&quot;aboutURL&quot;:null,&quot;iconURL&quot;:null,&quot;icon64URL&quot;:null,&quot;defaultLocale&quot;:{&quot;name&quot;:&quot;Default&quot;,&quot;description&quot;:&quot;The default theme.&quot;,&quot;creator&quot;:&quot;Mozilla&quot;,&quot;homepageURL&quot;:null,&quot;contributors&quot;:[&quot;Mozilla Contributors&quot;]},&quot;visible&quot;:true,&quot;active&quot;:true,&quot;userDisabled&quot;:false,&quot;appDisabled&quot;:false,&quot;descriptor&quot;:&quot;C:\\Program Files (x86)\\Mozilla Firefox\\browser\\extensions\\{972ce4c6-7e08-4474-a285-3208198ce6fd}&quot;,&quot;installDate&quot;:1425894785802,&quot;updateDate&quot;:1425894785802,&quot;applyBackgroundUpdates&quot;:1,&quot;skinnable&quot;:true,&quot;size&quot;:3175,&quot;sourceURI&quot;:null,&quot;releaseNotesURI&quot;:null,&quot;softDisabled&quot;:false,&quot;foreignInstall&quot;:false,&quot;hasBinaryComponents&quot;:false,&quot;strictCompatibility&quot;:true,&quot;locales&quot;:[],&quot;targetApplications&quot;:[{&quot;id&quot;:&quot;{ec8030f7-c20a-464f-9b0e-13a3a9e97384}&quot;,&quot;minVersion&quot;:&quot;36.0.1&quot;,&quot;maxVersion&quot;:&quot;36.0.1&quot;}],&quot;targetPlatforms&quot;:[]}
1426844826978	addons.xpi	DEBUG	getModTime: Recursive scan of {972ce4c6-7e08-4474-a285-3208198ce6fd}
1426844826979	addons.xpi	DEBUG	Updating database with changes to installed add-ons
1426844826979	addons.xpi-utils	DEBUG	Updating add-on states
1426844826982	addons.xpi-utils	DEBUG	Writing add-ons list
1426844826989	addons.xpi	DEBUG	Registering manifest for C:\Program Files (x86)\Mozilla Firefox\browser\extensions\{82AF8DCA-6DE9-405D-BD5E-43525BDAD38A}.xpi
1426844826989	addons.xpi	DEBUG	Calling bootstrap method startup on {82AF8DCA-6DE9-405D-BD5E-43525BDAD38A} version 7.3.16540.9015
1426844827061	addons.manager	DEBUG	Registering shutdown blocker for XPIProvider
1426844827061	addons.manager	DEBUG	Registering shutdown blocker for LightweightThemeManager
1426844827063	addons.manager	DEBUG	Registering shutdown blocker for OpenH264Provider
1426844827063	addons.manager	DEBUG	Registering shutdown blocker for PluginProvider
1426844835179	DeferredSave.extensions.json	DEBUG	Starting timer
1426844835205	DeferredSave.extensions.json	DEBUG	Starting write
1426844835387	addons.manager	DEBUG	shutdown
1426844835387	addons.manager	DEBUG	Calling shutdown blocker for XPIProvider
1426844835388	addons.xpi	DEBUG	shutdown
1426844835388	addons.xpi-utils	DEBUG	shutdown
1426844835389	addons.manager	DEBUG	Calling shutdown blocker for LightweightThemeManager
1426844835390	addons.manager	DEBUG	Calling shutdown blocker for OpenH264Provider
1426844835392	addons.manager	DEBUG	Calling shutdown blocker for PluginProvider
1426844836468	DeferredSave.extensions.json	DEBUG	Write succeeded
1426844836469	addons.xpi-utils	DEBUG	XPI Database saved, setting schema version preference to 16
1426844836469	addons.xpi	DEBUG	Notifying XPI shutdown observers
1426844836477	addons.manager	DEBUG	Async provider shutdown done

Build info: version: &apos;2.45.0&apos;, revision: &apos;5017cb8e7ca8e37638dc3091b2440b90a1d8686f&apos;, time: &apos;2015-02-27 09:10:26&apos;
System info: host: &apos;che-lt-tvinoth&apos;, ip: &apos;10.53.9.156&apos;, os.name: &apos;Windows 7&apos;, os.arch: &apos;amd64&apos;, os.version: &apos;6.1&apos;, java.version: &apos;1.7.0_67&apos;
Driver info: driver.version: FirefoxDriver
	at org.openqa.selenium.firefox.internal.NewProfileExtensionConnection.start(NewProfileExtensionConnection.java:134)
	at org.openqa.selenium.firefox.FirefoxDriver.startClient(FirefoxDriver.java:246)
	at org.openqa.selenium.remote.RemoteWebDriver.&lt;init&gt;(RemoteWebDriver.java:114)
	at org.openqa.selenium.firefox.FirefoxDriver.&lt;init&gt;(FirefoxDriver.java:191)
	at org.openqa.selenium.firefox.FirefoxDriver.&lt;init&gt;(FirefoxDriver.java:186)
	at org.openqa.selenium.firefox.FirefoxDriver.&lt;init&gt;(FirefoxDriver.java:182)
	at org.openqa.selenium.firefox.FirefoxDriver.&lt;init&gt;(FirefoxDriver.java:95)
	at com.doosan.nao.init.WebdriverSelector.getDriver(WebdriverSelector.java:49)
	at com.doosan.nao.classOrderTest.ClassFourOrderValidator.setUpForClassFourOrderValidatorTest(ClassFourOrderValidator.java:40)
	at sun.reflect.NativeMethodAccessorImpl.invoke0(Native Method)
	at sun.reflect.NativeMethodAccessorImpl.invoke(Unknown Source)
	at sun.reflect.DelegatingMethodAccessorImpl.invoke(Unknown Source)
	at java.lang.reflect.Method.invoke(Unknown Source)
	at org.testng.internal.MethodInvocationHelper.invokeMethod(MethodInvocationHelper.java:84)
	at org.testng.internal.Invoker.invokeConfigurationMethod(Invoker.java:564)
	at org.testng.internal.Invoker.invokeConfigurations(Invoker.java:213)
	at org.testng.internal.Invoker.invokeMethod(Invoker.java:653)
	at org.testng.internal.Invoker.invokeTestMethod(Invoker.java:901)
	at org.testng.internal.Invoker.invokeTestMethods(Invoker.java:1231)
	at org.testng.internal.TestMethodWorker.invokeTestMethods(TestMethodWorker.java:127)
	at org.testng.internal.TestMethodWorker.run(TestMethodWorker.java:111)
	at org.testng.TestRunner.privateRun(TestRunner.java:767)
	at org.testng.TestRunner.run(TestRunner.java:617)
	at org.testng.SuiteRunner.runTest(SuiteRunner.java:334)
	at org.testng.SuiteRunner.runSequentially(SuiteRunner.java:329)
	at org.testng.SuiteRunner.privateRun(SuiteRunner.java:291)
	at org.testng.SuiteRunner.run(SuiteRunner.java:240)
	at org.testng.SuiteRunnerWorker.runSuite(SuiteRunnerWorker.java:52)
	at org.testng.SuiteRunnerWorker.run(SuiteRunnerWorker.java:86)
	at org.testng.TestNG.runSuitesSequentially(TestNG.java:1224)
	at org.testng.TestNG.runSuitesLocally(TestNG.java:1149)
	at org.testng.TestNG.run(TestNG.java:1057)
	at org.testng.remote.RemoteTestNG.run(RemoteTestNG.java:111)
	at org.testng.remote.RemoteTestNG.initAndRun(RemoteTestNG.java:204)
	at org.testng.remote.RemoteTestNG.main(RemoteTestNG.java:175)
Caused by: org.openqa.selenium.WebDriverException: java.lang.InterruptedException: Process timed out after waiting for 45000 ms.
Build info: version: &apos;2.45.0&apos;, revision: &apos;5017cb8e7ca8e37638dc3091b2440b90a1d8686f&apos;, time: &apos;2015-02-27 09:10:26&apos;
System info: host: &apos;che-lt-tvinoth&apos;, ip: &apos;10.53.9.156&apos;, os.name: &apos;Windows 7&apos;, os.arch: &apos;amd64&apos;, os.version: &apos;6.1&apos;, java.version: &apos;1.7.0_67&apos;
Driver info: driver.version: FirefoxDriver
	at org.openqa.selenium.os.CommandLine.waitFor(CommandLine.java:131)
	at org.openqa.selenium.firefox.FirefoxBinary.waitFor(FirefoxBinary.java:222)
	at org.openqa.selenium.firefox.FirefoxBinary.clean(FirefoxBinary.java:242)
	at org.openqa.selenium.firefox.internal.NewProfileExtensionConnection.start(NewProfileExtensionConnection.java:91)
	... 34 more
Caused by: java.lang.InterruptedException: Process timed out after waiting for 45000 ms.
	at org.openqa.selenium.os.UnixProcess.waitFor(UnixProcess.java:148)
	at org.openqa.selenium.os.CommandLine.waitFor(CommandLine.java:129)
	... 37 more
</pre></div></td>
<td>0</td>
<td>com.doosan.nao.classOrderTest.ClassFourOrderValidator@1cc8aada</td></tr>
</table><p>
<table width='100%' border='1' class='invocation-skipped'>
<tr><td colspan='4' align='center'><b>SKIPPED CONFIGURATIONS</b></td></tr>
<tr><td><b>Test method</b></td>
<td width="30%"><b>Exception</b></td>
<td width="10%"><b>Time (seconds)</b></td>
<td><b>Instance</b></td>
</tr>
<tr>
<td title='com.doosan.nao.classOrderTest.ClassFourOrderValidator.setUpForClassFourOrderValidatorTest()'><b>setUpForClassFourOrderValidatorTest</b><br>Test class: com.doosan.nao.classOrderTest.ClassFourOrderValidator</td>
<td></td>
<td>0</td>
<td>com.doosan.nao.classOrderTest.ClassFourOrderValidator@1cc8aada</td></tr>
<tr>
<td title='com.doosan.nao.classOrderTest.ClassFourOrderValidator.setUpForClassFourOrderValidatorTest()'><b>setUpForClassFourOrderValidatorTest</b><br>Test class: com.doosan.nao.classOrderTest.ClassFourOrderValidator</td>
<td></td>
<td>0</td>
<td>com.doosan.nao.classOrderTest.ClassFourOrderValidator@1cc8aada</td></tr>
<tr>
<td title='com.doosan.nao.classOrderTest.ClassFourOrderValidator.setUpForClassFourOrderValidatorTest()'><b>setUpForClassFourOrderValidatorTest</b><br>Test class: com.doosan.nao.classOrderTest.ClassFourOrderValidator</td>
<td></td>
<td>0</td>
<td>com.doosan.nao.classOrderTest.ClassFourOrderValidator@1cc8aada</td></tr>
<tr>
<td title='com.doosan.nao.classOrderTest.ClassFourOrderValidator.setUpForClassFourOrderValidatorTest()'><b>setUpForClassFourOrderValidatorTest</b><br>Test class: com.doosan.nao.classOrderTest.ClassFourOrderValidator</td>
<td></td>
<td>0</td>
<td>com.doosan.nao.classOrderTest.ClassFourOrderValidator@1cc8aada</td></tr>
<tr>
<td title='com.doosan.nao.classOrderTest.ClassFourOrderValidator.setUpForClassFourOrderValidatorTest()'><b>setUpForClassFourOrderValidatorTest</b><br>Test class: com.doosan.nao.classOrderTest.ClassFourOrderValidator</td>
<td></td>
<td>0</td>
<td>com.doosan.nao.classOrderTest.ClassFourOrderValidator@1cc8aada</td></tr>
<tr>
<td title='com.doosan.nao.classOrderTest.ClassFourOrderValidator.setUpForClassFourOrderValidatorTest()'><b>setUpForClassFourOrderValidatorTest</b><br>Test class: com.doosan.nao.classOrderTest.ClassFourOrderValidator</td>
<td></td>
<td>0</td>
<td>com.doosan.nao.classOrderTest.ClassFourOrderValidator@1cc8aada</td></tr>
<tr>
<td title='com.doosan.nao.classOrderTest.ClassFourOrderValidator.setUpForClassFourOrderValidatorTest()'><b>setUpForClassFourOrderValidatorTest</b><br>Test class: com.doosan.nao.classOrderTest.ClassFourOrderValidator</td>
<td></td>
<td>0</td>
<td>com.doosan.nao.classOrderTest.ClassFourOrderValidator@1cc8aada</td></tr>
<tr>
<td title='com.doosan.nao.classOrderTest.ClassFourOrderValidator.setUpForClassFourOrderValidatorTest()'><b>setUpForClassFourOrderValidatorTest</b><br>Test class: com.doosan.nao.classOrderTest.ClassFourOrderValidator</td>
<td></td>
<td>0</td>
<td>com.doosan.nao.classOrderTest.ClassFourOrderValidator@1cc8aada</td></tr>
<tr>
<td title='com.doosan.nao.classOrderTest.ClassFourOrderValidator.setUpForClassFourOrderValidatorTest()'><b>setUpForClassFourOrderValidatorTest</b><br>Test class: com.doosan.nao.classOrderTest.ClassFourOrderValidator</td>
<td></td>
<td>0</td>
<td>com.doosan.nao.classOrderTest.ClassFourOrderValidator@1cc8aada</td></tr>
<tr>
<td title='com.doosan.nao.classOrderTest.ClassFourOrderValidator.setUpForClassFourOrderValidatorTest()'><b>setUpForClassFourOrderValidatorTest</b><br>Test class: com.doosan.nao.classOrderTest.ClassFourOrderValidator</td>
<td></td>
<td>0</td>
<td>com.doosan.nao.classOrderTest.ClassFourOrderValidator@1cc8aada</td></tr>
<tr>
<td title='com.doosan.nao.classOrderTest.ClassFourOrderValidator.setUpForClassFourOrderValidatorTest()'><b>setUpForClassFourOrderValidatorTest</b><br>Test class: com.doosan.nao.classOrderTest.ClassFourOrderValidator</td>
<td></td>
<td>0</td>
<td>com.doosan.nao.classOrderTest.ClassFourOrderValidator@1cc8aada</td></tr>
<tr>
<td title='com.doosan.nao.classOrderTest.ClassFourOrderValidator.setUpForClassFourOrderValidatorTest()'><b>setUpForClassFourOrderValidatorTest</b><br>Test class: com.doosan.nao.classOrderTest.ClassFourOrderValidator</td>
<td></td>
<td>0</td>
<td>com.doosan.nao.classOrderTest.ClassFourOrderValidator@1cc8aada</td></tr>
<tr>
<td title='com.doosan.nao.classOrderTest.ClassFourOrderValidator.setUpForClassFourOrderValidatorTest()'><b>setUpForClassFourOrderValidatorTest</b><br>Test class: com.doosan.nao.classOrderTest.ClassFourOrderValidator</td>
<td></td>
<td>0</td>
<td>com.doosan.nao.classOrderTest.ClassFourOrderValidator@1cc8aada</td></tr>
<tr>
<td title='com.doosan.nao.classOrderTest.ClassFourOrderValidator.setUpForClassFourOrderValidatorTest()'><b>setUpForClassFourOrderValidatorTest</b><br>Test class: com.doosan.nao.classOrderTest.ClassFourOrderValidator</td>
<td></td>
<td>0</td>
<td>com.doosan.nao.classOrderTest.ClassFourOrderValidator@1cc8aada</td></tr>
<tr>
<td title='com.doosan.nao.classOrderTest.ClassFourOrderValidator.setUpForClassFourOrderValidatorTest()'><b>setUpForClassFourOrderValidatorTest</b><br>Test class: com.doosan.nao.classOrderTest.ClassFourOrderValidator</td>
<td></td>
<td>0</td>
<td>com.doosan.nao.classOrderTest.ClassFourOrderValidator@1cc8aada</td></tr>
</table><p>
<table width='100%' border='1' class='invocation-skipped'>
<tr><td colspan='4' align='center'><b>SKIPPED TESTS</b></td></tr>
<tr><td><b>Test method</b></td>
<td width="30%"><b>Exception</b></td>
<td width="10%"><b>Time (seconds)</b></td>
<td><b>Instance</b></td>
</tr>
<tr>
<td title='com.doosan.nao.classOrderTest.ClassFourOrderValidator.ValidateClassFourOrderValidatorTest()'><b>ValidateClassFourOrderValidatorTest</b><br>Test class: com.doosan.nao.classOrderTest.ClassFourOrderValidator<br>Parameters: TestData2, rajkumars, welcome3, Doosan , 1061121, 021-00014HEF, 1, Bin One 1, Class One 1</td>
<td></td>
<td>0</td>
<td>com.doosan.nao.classOrderTest.ClassFourOrderValidator@1cc8aada</td></tr>
<tr>
<td title='com.doosan.nao.classOrderTest.ClassFourOrderValidator.ValidateClassFourOrderValidatorTest()'><b>ValidateClassFourOrderValidatorTest</b><br>Test class: com.doosan.nao.classOrderTest.ClassFourOrderValidator<br>Parameters: TestData3, rajkumars, welcome3, Bobcat , 1226021, 6667352, 7, Bin One 2, Class One 2</td>
<td></td>
<td>0</td>
<td>com.doosan.nao.classOrderTest.ClassFourOrderValidator@1cc8aada</td></tr>
<tr>
<td title='com.doosan.nao.classOrderTest.ClassFourOrderValidator.ValidateClassFourOrderValidatorTest()'><b>ValidateClassFourOrderValidatorTest</b><br>Test class: com.doosan.nao.classOrderTest.ClassFourOrderValidator<br>Parameters: TestData4, rajkumars, welcome3, Doosan , 1061121, 021-00014HEF, 1, Bin One 3, Class One 3</td>
<td></td>
<td>0</td>
<td>com.doosan.nao.classOrderTest.ClassFourOrderValidator@1cc8aada</td></tr>
<tr>
<td title='com.doosan.nao.classOrderTest.ClassFourOrderValidator.ValidateClassFourOrderValidatorTest()'><b>ValidateClassFourOrderValidatorTest</b><br>Test class: com.doosan.nao.classOrderTest.ClassFourOrderValidator<br>Parameters: TestData5, rajkumars, welcome3, Doosan , 1061121, 021-00014HEF, 1, Bin One 4, Class One 4</td>
<td></td>
<td>0</td>
<td>com.doosan.nao.classOrderTest.ClassFourOrderValidator@1cc8aada</td></tr>
<tr>
<td title='com.doosan.nao.classOrderTest.ClassFourOrderValidator.ValidateClassFourOrderValidatorTest()'><b>ValidateClassFourOrderValidatorTest</b><br>Test class: com.doosan.nao.classOrderTest.ClassFourOrderValidator<br>Parameters: TestData6, rajkumars, welcome3, Bobcat , 1226021, 6667352, 7, Bin One 5, Class One 5</td>
<td></td>
<td>0</td>
<td>com.doosan.nao.classOrderTest.ClassFourOrderValidator@1cc8aada</td></tr>
<tr>
<td title='com.doosan.nao.classOrderTest.ClassFourOrderValidator.ValidateClassFourOrderValidatorTest()'><b>ValidateClassFourOrderValidatorTest</b><br>Test class: com.doosan.nao.classOrderTest.ClassFourOrderValidator<br>Parameters: TestData7, rajkumars, welcome3, Doosan , 1061121, 021-00014HEF, 1, Bin One 6, Class One 6</td>
<td></td>
<td>0</td>
<td>com.doosan.nao.classOrderTest.ClassFourOrderValidator@1cc8aada</td></tr>
<tr>
<td title='com.doosan.nao.classOrderTest.ClassFourOrderValidator.ValidateClassFourOrderValidatorTest()'><b>ValidateClassFourOrderValidatorTest</b><br>Test class: com.doosan.nao.classOrderTest.ClassFourOrderValidator<br>Parameters: TestData8, rajkumars, welcome3, Doosan , 1061121, 021-00014HEF, 1, Bin One 7, Class One 7</td>
<td></td>
<td>0</td>
<td>com.doosan.nao.classOrderTest.ClassFourOrderValidator@1cc8aada</td></tr>
<tr>
<td title='com.doosan.nao.classOrderTest.ClassFourOrderValidator.ValidateClassFourOrderValidatorTest()'><b>ValidateClassFourOrderValidatorTest</b><br>Test class: com.doosan.nao.classOrderTest.ClassFourOrderValidator<br>Parameters: TestData9, rajkumars, welcome3, Bobcat , 1226021, 6667352, 7, Bin One 8, Class One 8</td>
<td></td>
<td>0</td>
<td>com.doosan.nao.classOrderTest.ClassFourOrderValidator@1cc8aada</td></tr>
<tr>
<td title='com.doosan.nao.classOrderTest.ClassFourOrderValidator.ValidateClassFourOrderValidatorTest()'><b>ValidateClassFourOrderValidatorTest</b><br>Test class: com.doosan.nao.classOrderTest.ClassFourOrderValidator<br>Parameters: TestData10, rajkumars, welcome3, Doosan , 1061121, 021-00014HEF, 1, Bin One 9, Class One 9</td>
<td></td>
<td>0</td>
<td>com.doosan.nao.classOrderTest.ClassFourOrderValidator@1cc8aada</td></tr>
<tr>
<td title='com.doosan.nao.classOrderTest.ClassFourOrderValidator.ValidateClassFourOrderValidatorTest()'><b>ValidateClassFourOrderValidatorTest</b><br>Test class: com.doosan.nao.classOrderTest.ClassFourOrderValidator<br>Parameters: TestData11, rajkumars, welcome3, Doosan , 1061121, 021-00014HEF, 1, Bin One 10, Class One 10</td>
<td></td>
<td>0</td>
<td>com.doosan.nao.classOrderTest.ClassFourOrderValidator@1cc8aada</td></tr>
<tr>
<td title='com.doosan.nao.classOrderTest.ClassFourOrderValidator.ValidateClassFourOrderValidatorTest()'><b>ValidateClassFourOrderValidatorTest</b><br>Test class: com.doosan.nao.classOrderTest.ClassFourOrderValidator<br>Parameters: TestData12, rajkumars, welcome3, Bobcat , 1226021, 6667352, 7, Bin One 11, Class One 11</td>
<td></td>
<td>0</td>
<td>com.doosan.nao.classOrderTest.ClassFourOrderValidator@1cc8aada</td></tr>
<tr>
<td title='com.doosan.nao.classOrderTest.ClassFourOrderValidator.ValidateClassFourOrderValidatorTest()'><b>ValidateClassFourOrderValidatorTest</b><br>Test class: com.doosan.nao.classOrderTest.ClassFourOrderValidator<br>Parameters: TestData13, rajkumars, welcome3, Doosan , 1061121, 021-00014HEF, 1, Bin One 12, Class One 12</td>
<td></td>
<td>0</td>
<td>com.doosan.nao.classOrderTest.ClassFourOrderValidator@1cc8aada</td></tr>
<tr>
<td title='com.doosan.nao.classOrderTest.ClassFourOrderValidator.ValidateClassFourOrderValidatorTest()'><b>ValidateClassFourOrderValidatorTest</b><br>Test class: com.doosan.nao.classOrderTest.ClassFourOrderValidator<br>Parameters: TestData14, rajkumars, welcome3, Doosan , 1061121, 021-00014HEF, 1, Bin One 13, Class One 13</td>
<td></td>
<td>0</td>
<td>com.doosan.nao.classOrderTest.ClassFourOrderValidator@1cc8aada</td></tr>
<tr>
<td title='com.doosan.nao.classOrderTest.ClassFourOrderValidator.ValidateClassFourOrderValidatorTest()'><b>ValidateClassFourOrderValidatorTest</b><br>Test class: com.doosan.nao.classOrderTest.ClassFourOrderValidator<br>Parameters: TestData15, rajkumars, welcome3, Bobcat , 1226021, 6667352, 7, Bin One 14, Class One 14</td>
<td></td>
<td>0</td>
<td>com.doosan.nao.classOrderTest.ClassFourOrderValidator@1cc8aada</td></tr>
<tr>
<td title='com.doosan.nao.classOrderTest.ClassFourOrderValidator.ValidateClassFourOrderValidatorTest()'><b>ValidateClassFourOrderValidatorTest</b><br>Test class: com.doosan.nao.classOrderTest.ClassFourOrderValidator<br>Parameters: TestData16, rajkumars, welcome3, Doosan , 1061121, 021-00014HEF, 1, Bin One 15, Class One 15</td>
<td></td>
<td>0</td>
<td>com.doosan.nao.classOrderTest.ClassFourOrderValidator@1cc8aada</td></tr>
<tr>
<td title='com.doosan.nao.classOrderTest.ClassFourOrderValidator.ValidateClassFourOrderValidatorTest()'><b>ValidateClassFourOrderValidatorTest</b><br>Test class: com.doosan.nao.classOrderTest.ClassFourOrderValidator<br>Parameters: TestData17, rajkumars, welcome3, Doosan , 1061121, 021-00014HEF, 1, Bin One 15, Class One 15</td>
<td></td>
<td>0</td>
<td>com.doosan.nao.classOrderTest.ClassFourOrderValidator@1cc8aada</td></tr>
</table><p>
</body>
</html>