<?xml version="1.0" encoding="UTF-8"?>
<!-- Generated by org.testng.reporters.JUnitXMLReporter -->
<testsuite hostname="che-lt-tvinoth" name="com.doosan.nao.classOrderTest.Class48HoursOrderValidator for firefox1" tests="20" failures="0" timestamp="20 Mar 2015 09:43:44 GMT" time="63.874" errors="0">
  <testcase name="@BeforeMethod setUpForClass48HoursOrderValidatorTest" time="0.0" classname="com.doosan.nao.classOrderTest.Class48HoursOrderValidator">
    <failure type="org.openqa.selenium.WebDriverException" message="Failed to connect to binary FirefoxBinary(C:\Program Files (x86)\Mozilla Firefox\firefox.exe) on port 7056; process output follows: 
ils	DEBUG	Make addon app-global:{82AF8DCA-6DE9-405D-BD5E-43525BDAD38A} visible
1426844613625	DeferredSave.extensions.json	DEBUG	Save changes
1426844613625	DeferredSave.extensions.json	DEBUG	Save changes
1426844613625	addons.xpi	DEBUG	Updating XPIState for {&amp;quot;id&amp;quot;:&amp;quot;{82AF8DCA-6DE9-405D-BD5E-43525BDAD38A}&amp;quot;,&amp;quot;syncGUID&amp;quot;:&amp;quot;SLw_GIuz_CVj&amp;quot;,&amp;quot;location&amp;quot;:&amp;quot;app-global&amp;quot;,&amp;quot;version&amp;quot;:&amp;quot;7.3.16540.9015&amp;quot;,&amp;quot;type&amp;quot;:&amp;quot;extension&amp;quot;,&amp;quot;internalName&amp;quot;:null,&amp;quot;updateURL&amp;quot;:null,&amp;quot;updateKey&amp;quot;:null,&amp;quot;optionsURL&amp;quot;:null,&amp;quot;optionsType&amp;quot;:&amp;quot;2&amp;quot;,&amp;quot;aboutURL&amp;quot;:null,&amp;quot;iconURL&amp;quot;:null,&amp;quot;icon64URL&amp;quot;:null,&amp;quot;defaultLocale&amp;quot;:{&amp;quot;name&amp;quot;:&amp;quot;Skype Click to Call&amp;quot;,&amp;quot;description&amp;quot;:&amp;quot;Skype Click to Call&amp;quot;,&amp;quot;creator&amp;quot;:&amp;quot;Microsoft Corporation&amp;quot;,&amp;quot;homepageURL&amp;quot;:&amp;quot;https://support.skype.com/category/SKYPE_CALLS_FROM_BROWSERS/&amp;quot;},&amp;quot;visible&amp;quot;:true,&amp;quot;active&amp;quot;:true,&amp;quot;userDisabled&amp;quot;:false,&amp;quot;appDisabled&amp;quot;:false,&amp;quot;descriptor&amp;quot;:&amp;quot;C:\\Program Files (x86)\\Mozilla Firefox\\browser\\extensions\\{82AF8DCA-6DE9-405D-BD5E-43525BDAD38A}.xpi&amp;quot;,&amp;quot;installDate&amp;quot;:1405342340000,&amp;quot;updateDate&amp;quot;:1405342340000,&amp;quot;applyBackgroundUpdates&amp;quot;:1,&amp;quot;bootstrap&amp;quot;:true,&amp;quot;size&amp;quot;:331368,&amp;quot;sourceURI&amp;quot;:null,&amp;quot;releaseNotesURI&amp;quot;:null,&amp;quot;softDisabled&amp;quot;:false,&amp;quot;foreignInstall&amp;quot;:true,&amp;quot;hasBinaryComponents&amp;quot;:false,&amp;quot;strictCompatibility&amp;quot;:false,&amp;quot;locales&amp;quot;:[],&amp;quot;targetApplications&amp;quot;:[{&amp;quot;id&amp;quot;:&amp;quot;{ec8030f7-c20a-464f-9b0e-13a3a9e97384}&amp;quot;,&amp;quot;minVersion&amp;quot;:&amp;quot;21.0&amp;quot;,&amp;quot;maxVersion&amp;quot;:&amp;quot;25.0a1&amp;quot;}],&amp;quot;targetPlatforms&amp;quot;:[],&amp;quot;multiprocessCompatible&amp;quot;:false}
1426844613626	addons.xpi	DEBUG	getModTime: Recursive scan of {82AF8DCA-6DE9-405D-BD5E-43525BDAD38A}
1426844613639	addons.xpi	DEBUG	Loading bootstrap scope from C:\Program Files (x86)\Mozilla Firefox\browser\extensions\{82AF8DCA-6DE9-405D-BD5E-43525BDAD38A}.xpi
1426844613654	addons.xpi	DEBUG	Calling bootstrap method install on {82AF8DCA-6DE9-405D-BD5E-43525BDAD38A} version 7.3.16540.9015
1426844613654	addons.xpi	DEBUG	New add-on {972ce4c6-7e08-4474-a285-3208198ce6fd} installed in app-global
1426844613671	addons.xpi-utils	DEBUG	Make addon app-global:{972ce4c6-7e08-4474-a285-3208198ce6fd} visible
1426844613671	DeferredSave.extensions.json	DEBUG	Save changes
1426844613672	DeferredSave.extensions.json	DEBUG	Save changes
1426844613672	addons.xpi	DEBUG	Updating XPIState for {&amp;quot;id&amp;quot;:&amp;quot;{972ce4c6-7e08-4474-a285-3208198ce6fd}&amp;quot;,&amp;quot;syncGUID&amp;quot;:&amp;quot;58Vf48xPfAyG&amp;quot;,&amp;quot;location&amp;quot;:&amp;quot;app-global&amp;quot;,&amp;quot;version&amp;quot;:&amp;quot;36.0.1&amp;quot;,&amp;quot;type&amp;quot;:&amp;quot;theme&amp;quot;,&amp;quot;internalName&amp;quot;:&amp;quot;classic/1.0&amp;quot;,&amp;quot;updateURL&amp;quot;:null,&amp;quot;updateKey&amp;quot;:null,&amp;quot;optionsURL&amp;quot;:null,&amp;quot;optionsType&amp;quot;:null,&amp;quot;aboutURL&amp;quot;:null,&amp;quot;iconURL&amp;quot;:null,&amp;quot;icon64URL&amp;quot;:null,&amp;quot;defaultLocale&amp;quot;:{&amp;quot;name&amp;quot;:&amp;quot;Default&amp;quot;,&amp;quot;description&amp;quot;:&amp;quot;The default theme.&amp;quot;,&amp;quot;creator&amp;quot;:&amp;quot;Mozilla&amp;quot;,&amp;quot;homepageURL&amp;quot;:null,&amp;quot;contributors&amp;quot;:[&amp;quot;Mozilla Contributors&amp;quot;]},&amp;quot;visible&amp;quot;:true,&amp;quot;active&amp;quot;:true,&amp;quot;userDisabled&amp;quot;:false,&amp;quot;appDisabled&amp;quot;:false,&amp;quot;descriptor&amp;quot;:&amp;quot;C:\\Program Files (x86)\\Mozilla Firefox\\browser\\extensions\\{972ce4c6-7e08-4474-a285-3208198ce6fd}&amp;quot;,&amp;quot;installDate&amp;quot;:1425894785802,&amp;quot;updateDate&amp;quot;:1425894785802,&amp;quot;applyBackgroundUpdates&amp;quot;:1,&amp;quot;skinnable&amp;quot;:true,&amp;quot;size&amp;quot;:3175,&amp;quot;sourceURI&amp;quot;:null,&amp;quot;releaseNotesURI&amp;quot;:null,&amp;quot;softDisabled&amp;quot;:false,&amp;quot;foreignInstall&amp;quot;:false,&amp;quot;hasBinaryComponents&amp;quot;:false,&amp;quot;strictCompatibility&amp;quot;:true,&amp;quot;locales&amp;quot;:[],&amp;quot;targetApplications&amp;quot;:[{&amp;quot;id&amp;quot;:&amp;quot;{ec8030f7-c20a-464f-9b0e-13a3a9e97384}&amp;quot;,&amp;quot;minVersion&amp;quot;:&amp;quot;36.0.1&amp;quot;,&amp;quot;maxVersion&amp;quot;:&amp;quot;36.0.1&amp;quot;}],&amp;quot;targetPlatforms&amp;quot;:[]}
1426844613672	addons.xpi	DEBUG	getModTime: Recursive scan of {972ce4c6-7e08-4474-a285-3208198ce6fd}
1426844613674	addons.xpi	DEBUG	Updating database with changes to installed add-ons
1426844613674	addons.xpi-utils	DEBUG	Updating add-on states
1426844613675	addons.xpi-utils	DEBUG	Writing add-ons list
1426844613682	addons.xpi	DEBUG	Registering manifest for C:\Program Files (x86)\Mozilla Firefox\browser\extensions\{82AF8DCA-6DE9-405D-BD5E-43525BDAD38A}.xpi
1426844613683	addons.xpi	DEBUG	Calling bootstrap method startup on {82AF8DCA-6DE9-405D-BD5E-43525BDAD38A} version 7.3.16540.9015
1426844613743	addons.manager	DEBUG	Registering shutdown blocker for XPIProvider
1426844613743	addons.manager	DEBUG	Registering shutdown blocker for LightweightThemeManager
1426844613744	addons.manager	DEBUG	Registering shutdown blocker for OpenH264Provider
1426844613744	addons.manager	DEBUG	Registering shutdown blocker for PluginProvider

Build info: version: &amp;apos;2.45.0&amp;apos;, revision: &amp;apos;5017cb8e7ca8e37638dc3091b2440b90a1d8686f&amp;apos;, time: &amp;apos;2015-02-27 09:10:26&amp;apos;
System info: host: &amp;apos;che-lt-tvinoth&amp;apos;, ip: &amp;apos;10.53.9.156&amp;apos;, os.name: &amp;apos;Windows 7&amp;apos;, os.arch: &amp;apos;amd64&amp;apos;, os.version: &amp;apos;6.1&amp;apos;, java.version: &amp;apos;1.7.0_67&amp;apos;
Driver info: driver.version: FirefoxDriver">
      <![CDATA[org.openqa.selenium.WebDriverException: Failed to connect to binary FirefoxBinary(C:\Program Files (x86)\Mozilla Firefox\firefox.exe) on port 7056; process output follows: 
ils	DEBUG	Make addon app-global:{82AF8DCA-6DE9-405D-BD5E-43525BDAD38A} visible
1426844613625	DeferredSave.extensions.json	DEBUG	Save changes
1426844613625	DeferredSave.extensions.json	DEBUG	Save changes
1426844613625	addons.xpi	DEBUG	Updating XPIState for {"id":"{82AF8DCA-6DE9-405D-BD5E-43525BDAD38A}","syncGUID":"SLw_GIuz_CVj","location":"app-global","version":"7.3.16540.9015","type":"extension","internalName":null,"updateURL":null,"updateKey":null,"optionsURL":null,"optionsType":"2","aboutURL":null,"iconURL":null,"icon64URL":null,"defaultLocale":{"name":"Skype Click to Call","description":"Skype Click to Call","creator":"Microsoft Corporation","homepageURL":"https://support.skype.com/category/SKYPE_CALLS_FROM_BROWSERS/"},"visible":true,"active":true,"userDisabled":false,"appDisabled":false,"descriptor":"C:\\Program Files (x86)\\Mozilla Firefox\\browser\\extensions\\{82AF8DCA-6DE9-405D-BD5E-43525BDAD38A}.xpi","installDate":1405342340000,"updateDate":1405342340000,"applyBackgroundUpdates":1,"bootstrap":true,"size":331368,"sourceURI":null,"releaseNotesURI":null,"softDisabled":false,"foreignInstall":true,"hasBinaryComponents":false,"strictCompatibility":false,"locales":[],"targetApplications":[{"id":"{ec8030f7-c20a-464f-9b0e-13a3a9e97384}","minVersion":"21.0","maxVersion":"25.0a1"}],"targetPlatforms":[],"multiprocessCompatible":false}
1426844613626	addons.xpi	DEBUG	getModTime: Recursive scan of {82AF8DCA-6DE9-405D-BD5E-43525BDAD38A}
1426844613639	addons.xpi	DEBUG	Loading bootstrap scope from C:\Program Files (x86)\Mozilla Firefox\browser\extensions\{82AF8DCA-6DE9-405D-BD5E-43525BDAD38A}.xpi
1426844613654	addons.xpi	DEBUG	Calling bootstrap method install on {82AF8DCA-6DE9-405D-BD5E-43525BDAD38A} version 7.3.16540.9015
1426844613654	addons.xpi	DEBUG	New add-on {972ce4c6-7e08-4474-a285-3208198ce6fd} installed in app-global
1426844613671	addons.xpi-utils	DEBUG	Make addon app-global:{972ce4c6-7e08-4474-a285-3208198ce6fd} visible
1426844613671	DeferredSave.extensions.json	DEBUG	Save changes
1426844613672	DeferredSave.extensions.json	DEBUG	Save changes
1426844613672	addons.xpi	DEBUG	Updating XPIState for {"id":"{972ce4c6-7e08-4474-a285-3208198ce6fd}","syncGUID":"58Vf48xPfAyG","location":"app-global","version":"36.0.1","type":"theme","internalName":"classic/1.0","updateURL":null,"updateKey":null,"optionsURL":null,"optionsType":null,"aboutURL":null,"iconURL":null,"icon64URL":null,"defaultLocale":{"name":"Default","description":"The default theme.","creator":"Mozilla","homepageURL":null,"contributors":["Mozilla Contributors"]},"visible":true,"active":true,"userDisabled":false,"appDisabled":false,"descriptor":"C:\\Program Files (x86)\\Mozilla Firefox\\browser\\extensions\\{972ce4c6-7e08-4474-a285-3208198ce6fd}","installDate":1425894785802,"updateDate":1425894785802,"applyBackgroundUpdates":1,"skinnable":true,"size":3175,"sourceURI":null,"releaseNotesURI":null,"softDisabled":false,"foreignInstall":false,"hasBinaryComponents":false,"strictCompatibility":true,"locales":[],"targetApplications":[{"id":"{ec8030f7-c20a-464f-9b0e-13a3a9e97384}","minVersion":"36.0.1","maxVersion":"36.0.1"}],"targetPlatforms":[]}
1426844613672	addons.xpi	DEBUG	getModTime: Recursive scan of {972ce4c6-7e08-4474-a285-3208198ce6fd}
1426844613674	addons.xpi	DEBUG	Updating database with changes to installed add-ons
1426844613674	addons.xpi-utils	DEBUG	Updating add-on states
1426844613675	addons.xpi-utils	DEBUG	Writing add-ons list
1426844613682	addons.xpi	DEBUG	Registering manifest for C:\Program Files (x86)\Mozilla Firefox\browser\extensions\{82AF8DCA-6DE9-405D-BD5E-43525BDAD38A}.xpi
1426844613683	addons.xpi	DEBUG	Calling bootstrap method startup on {82AF8DCA-6DE9-405D-BD5E-43525BDAD38A} version 7.3.16540.9015
1426844613743	addons.manager	DEBUG	Registering shutdown blocker for XPIProvider
1426844613743	addons.manager	DEBUG	Registering shutdown blocker for LightweightThemeManager
1426844613744	addons.manager	DEBUG	Registering shutdown blocker for OpenH264Provider
1426844613744	addons.manager	DEBUG	Registering shutdown blocker for PluginProvider

Build info: version: '2.45.0', revision: '5017cb8e7ca8e37638dc3091b2440b90a1d8686f', time: '2015-02-27 09:10:26'
System info: host: 'che-lt-tvinoth', ip: '10.53.9.156', os.name: 'Windows 7', os.arch: 'amd64', os.version: '6.1', java.version: '1.7.0_67'
Driver info: driver.version: FirefoxDriver
	at org.openqa.selenium.firefox.internal.NewProfileExtensionConnection.start(NewProfileExtensionConnection.java:134)
	at org.openqa.selenium.firefox.FirefoxDriver.startClient(FirefoxDriver.java:246)
	at org.openqa.selenium.remote.RemoteWebDriver.<init>(RemoteWebDriver.java:114)
	at org.openqa.selenium.firefox.FirefoxDriver.<init>(FirefoxDriver.java:191)
	at org.openqa.selenium.firefox.FirefoxDriver.<init>(FirefoxDriver.java:186)
	at org.openqa.selenium.firefox.FirefoxDriver.<init>(FirefoxDriver.java:182)
	at org.openqa.selenium.firefox.FirefoxDriver.<init>(FirefoxDriver.java:95)
	at com.doosan.nao.init.WebdriverSelector.getDriver(WebdriverSelector.java:49)
	at com.doosan.nao.classOrderTest.Class48HoursOrderValidator.setUpForClass48HoursOrderValidatorTest(Class48HoursOrderValidator.java:40)
	at sun.reflect.NativeMethodAccessorImpl.invoke0(Native Method)
	at sun.reflect.NativeMethodAccessorImpl.invoke(Unknown Source)
	at sun.reflect.DelegatingMethodAccessorImpl.invoke(Unknown Source)
	at java.lang.reflect.Method.invoke(Unknown Source)
	at org.testng.internal.MethodInvocationHelper.invokeMethod(MethodInvocationHelper.java:84)
	at org.testng.internal.Invoker.invokeConfigurationMethod(Invoker.java:564)
	at org.testng.internal.Invoker.invokeConfigurations(Invoker.java:213)
	at org.testng.internal.Invoker.invokeMethod(Invoker.java:653)
	at org.testng.internal.Invoker.invokeTestMethod(Invoker.java:901)
	at org.testng.internal.Invoker.invokeTestMethods(Invoker.java:1231)
	at org.testng.internal.TestMethodWorker.invokeTestMethods(TestMethodWorker.java:127)
	at org.testng.internal.TestMethodWorker.run(TestMethodWorker.java:111)
	at org.testng.TestRunner.privateRun(TestRunner.java:767)
	at org.testng.TestRunner.run(TestRunner.java:617)
	at org.testng.SuiteRunner.runTest(SuiteRunner.java:334)
	at org.testng.SuiteRunner.runSequentially(SuiteRunner.java:329)
	at org.testng.SuiteRunner.privateRun(SuiteRunner.java:291)
	at org.testng.SuiteRunner.run(SuiteRunner.java:240)
	at org.testng.SuiteRunnerWorker.runSuite(SuiteRunnerWorker.java:52)
	at org.testng.SuiteRunnerWorker.run(SuiteRunnerWorker.java:86)
	at org.testng.TestNG.runSuitesSequentially(TestNG.java:1224)
	at org.testng.TestNG.runSuitesLocally(TestNG.java:1149)
	at org.testng.TestNG.run(TestNG.java:1057)
	at org.testng.remote.RemoteTestNG.run(RemoteTestNG.java:111)
	at org.testng.remote.RemoteTestNG.initAndRun(RemoteTestNG.java:204)
	at org.testng.remote.RemoteTestNG.main(RemoteTestNG.java:175)
Caused by: org.openqa.selenium.WebDriverException: java.lang.InterruptedException: Process timed out after waiting for 45000 ms.
Build info: version: '2.45.0', revision: '5017cb8e7ca8e37638dc3091b2440b90a1d8686f', time: '2015-02-27 09:10:26'
System info: host: 'che-lt-tvinoth', ip: '10.53.9.156', os.name: 'Windows 7', os.arch: 'amd64', os.version: '6.1', java.version: '1.7.0_67'
Driver info: driver.version: FirefoxDriver
	at org.openqa.selenium.os.CommandLine.waitFor(CommandLine.java:131)
	at org.openqa.selenium.firefox.FirefoxBinary.waitFor(FirefoxBinary.java:222)
	at org.openqa.selenium.firefox.FirefoxBinary.clean(FirefoxBinary.java:242)
	at org.openqa.selenium.firefox.internal.NewProfileExtensionConnection.start(NewProfileExtensionConnection.java:91)
	... 34 more
Caused by: java.lang.InterruptedException: Process timed out after waiting for 45000 ms.
	at org.openqa.selenium.os.UnixProcess.waitFor(UnixProcess.java:148)
	at org.openqa.selenium.os.CommandLine.waitFor(CommandLine.java:129)
	... 37 more
]]>
    </failure>
  </testcase> <!-- @BeforeMethod setUpForClass48HoursOrderValidatorTest -->
  <testcase name="@BeforeMethod setUpForClass48HoursOrderValidatorTest" time="0.0" classname="com.doosan.nao.classOrderTest.Class48HoursOrderValidator">
    <skipped/>
  </testcase> <!-- @BeforeMethod setUpForClass48HoursOrderValidatorTest -->
  <testcase name="@BeforeMethod setUpForClass48HoursOrderValidatorTest" time="0.0" classname="com.doosan.nao.classOrderTest.Class48HoursOrderValidator">
    <skipped/>
  </testcase> <!-- @BeforeMethod setUpForClass48HoursOrderValidatorTest -->
  <testcase name="@BeforeMethod setUpForClass48HoursOrderValidatorTest" time="0.0" classname="com.doosan.nao.classOrderTest.Class48HoursOrderValidator">
    <skipped/>
  </testcase> <!-- @BeforeMethod setUpForClass48HoursOrderValidatorTest -->
  <testcase name="@BeforeMethod setUpForClass48HoursOrderValidatorTest" time="0.0" classname="com.doosan.nao.classOrderTest.Class48HoursOrderValidator">
    <skipped/>
  </testcase> <!-- @BeforeMethod setUpForClass48HoursOrderValidatorTest -->
  <testcase name="@BeforeMethod setUpForClass48HoursOrderValidatorTest" time="0.0" classname="com.doosan.nao.classOrderTest.Class48HoursOrderValidator">
    <skipped/>
  </testcase> <!-- @BeforeMethod setUpForClass48HoursOrderValidatorTest -->
  <testcase name="@BeforeMethod setUpForClass48HoursOrderValidatorTest" time="0.0" classname="com.doosan.nao.classOrderTest.Class48HoursOrderValidator">
    <skipped/>
  </testcase> <!-- @BeforeMethod setUpForClass48HoursOrderValidatorTest -->
  <testcase name="@BeforeMethod setUpForClass48HoursOrderValidatorTest" time="0.0" classname="com.doosan.nao.classOrderTest.Class48HoursOrderValidator">
    <skipped/>
  </testcase> <!-- @BeforeMethod setUpForClass48HoursOrderValidatorTest -->
  <testcase name="@BeforeMethod setUpForClass48HoursOrderValidatorTest" time="0.0" classname="com.doosan.nao.classOrderTest.Class48HoursOrderValidator">
    <skipped/>
  </testcase> <!-- @BeforeMethod setUpForClass48HoursOrderValidatorTest -->
  <testcase name="@BeforeMethod setUpForClass48HoursOrderValidatorTest" time="0.0" classname="com.doosan.nao.classOrderTest.Class48HoursOrderValidator">
    <skipped/>
  </testcase> <!-- @BeforeMethod setUpForClass48HoursOrderValidatorTest -->
  <testcase name="@BeforeMethod setUpForClass48HoursOrderValidatorTest" time="0.0" classname="com.doosan.nao.classOrderTest.Class48HoursOrderValidator">
    <skipped/>
  </testcase> <!-- @BeforeMethod setUpForClass48HoursOrderValidatorTest -->
  <testcase name="@BeforeMethod setUpForClass48HoursOrderValidatorTest" time="0.0" classname="com.doosan.nao.classOrderTest.Class48HoursOrderValidator">
    <skipped/>
  </testcase> <!-- @BeforeMethod setUpForClass48HoursOrderValidatorTest -->
  <testcase name="@BeforeMethod setUpForClass48HoursOrderValidatorTest" time="0.0" classname="com.doosan.nao.classOrderTest.Class48HoursOrderValidator">
    <skipped/>
  </testcase> <!-- @BeforeMethod setUpForClass48HoursOrderValidatorTest -->
  <testcase name="@BeforeMethod setUpForClass48HoursOrderValidatorTest" time="0.0" classname="com.doosan.nao.classOrderTest.Class48HoursOrderValidator">
    <skipped/>
  </testcase> <!-- @BeforeMethod setUpForClass48HoursOrderValidatorTest -->
  <testcase name="@BeforeMethod setUpForClass48HoursOrderValidatorTest" time="0.0" classname="com.doosan.nao.classOrderTest.Class48HoursOrderValidator">
    <skipped/>
  </testcase> <!-- @BeforeMethod setUpForClass48HoursOrderValidatorTest -->
  <testcase name="@BeforeMethod setUpForClass48HoursOrderValidatorTest" time="0.0" classname="com.doosan.nao.classOrderTest.Class48HoursOrderValidator">
    <skipped/>
  </testcase> <!-- @BeforeMethod setUpForClass48HoursOrderValidatorTest -->
  <testcase name="@BeforeMethod setUpForClass48HoursOrderValidatorTest" time="0.0" classname="com.doosan.nao.classOrderTest.Class48HoursOrderValidator">
    <skipped/>
  </testcase> <!-- @BeforeMethod setUpForClass48HoursOrderValidatorTest -->
  <testcase name="@BeforeMethod setUpForClass48HoursOrderValidatorTest" time="0.0" classname="com.doosan.nao.classOrderTest.Class48HoursOrderValidator">
    <skipped/>
  </testcase> <!-- @BeforeMethod setUpForClass48HoursOrderValidatorTest -->
  <testcase name="@BeforeMethod setUpForClass48HoursOrderValidatorTest" time="0.0" classname="com.doosan.nao.classOrderTest.Class48HoursOrderValidator">
    <skipped/>
  </testcase> <!-- @BeforeMethod setUpForClass48HoursOrderValidatorTest -->
  <testcase name="@BeforeMethod setUpForClass48HoursOrderValidatorTest" time="0.0" classname="com.doosan.nao.classOrderTest.Class48HoursOrderValidator">
    <skipped/>
  </testcase> <!-- @BeforeMethod setUpForClass48HoursOrderValidatorTest -->
  <testcase name="ValidateClass48HoursOrderValidatorTest" time="0.0" classname="com.doosan.nao.classOrderTest.Class48HoursOrderValidator">
    <skipped/>
  </testcase> <!-- ValidateClass48HoursOrderValidatorTest -->
  <testcase name="ValidateClass48HoursOrderValidatorTest" time="0.0" classname="com.doosan.nao.classOrderTest.Class48HoursOrderValidator">
    <skipped/>
  </testcase> <!-- ValidateClass48HoursOrderValidatorTest -->
  <testcase name="ValidateClass48HoursOrderValidatorTest" time="0.005" classname="com.doosan.nao.classOrderTest.Class48HoursOrderValidator">
    <skipped/>
  </testcase> <!-- ValidateClass48HoursOrderValidatorTest -->
  <testcase name="ValidateClass48HoursOrderValidatorTest" time="0.0" classname="com.doosan.nao.classOrderTest.Class48HoursOrderValidator">
    <skipped/>
  </testcase> <!-- ValidateClass48HoursOrderValidatorTest -->
  <testcase name="ValidateClass48HoursOrderValidatorTest" time="0.0" classname="com.doosan.nao.classOrderTest.Class48HoursOrderValidator">
    <skipped/>
  </testcase> <!-- ValidateClass48HoursOrderValidatorTest -->
  <testcase name="ValidateClass48HoursOrderValidatorTest" time="0.0" classname="com.doosan.nao.classOrderTest.Class48HoursOrderValidator">
    <skipped/>
  </testcase> <!-- ValidateClass48HoursOrderValidatorTest -->
  <testcase name="ValidateClass48HoursOrderValidatorTest" time="0.0" classname="com.doosan.nao.classOrderTest.Class48HoursOrderValidator">
    <skipped/>
  </testcase> <!-- ValidateClass48HoursOrderValidatorTest -->
  <testcase name="ValidateClass48HoursOrderValidatorTest" time="0.0" classname="com.doosan.nao.classOrderTest.Class48HoursOrderValidator">
    <skipped/>
  </testcase> <!-- ValidateClass48HoursOrderValidatorTest -->
  <testcase name="ValidateClass48HoursOrderValidatorTest" time="0.005" classname="com.doosan.nao.classOrderTest.Class48HoursOrderValidator">
    <skipped/>
  </testcase> <!-- ValidateClass48HoursOrderValidatorTest -->
  <testcase name="ValidateClass48HoursOrderValidatorTest" time="0.0" classname="com.doosan.nao.classOrderTest.Class48HoursOrderValidator">
    <skipped/>
  </testcase> <!-- ValidateClass48HoursOrderValidatorTest -->
  <testcase name="ValidateClass48HoursOrderValidatorTest" time="0.0" classname="com.doosan.nao.classOrderTest.Class48HoursOrderValidator">
    <skipped/>
  </testcase> <!-- ValidateClass48HoursOrderValidatorTest -->
  <testcase name="ValidateClass48HoursOrderValidatorTest" time="0.02" classname="com.doosan.nao.classOrderTest.Class48HoursOrderValidator">
    <skipped/>
  </testcase> <!-- ValidateClass48HoursOrderValidatorTest -->
  <testcase name="ValidateClass48HoursOrderValidatorTest" time="0.0" classname="com.doosan.nao.classOrderTest.Class48HoursOrderValidator">
    <skipped/>
  </testcase> <!-- ValidateClass48HoursOrderValidatorTest -->
  <testcase name="ValidateClass48HoursOrderValidatorTest" time="0.0" classname="com.doosan.nao.classOrderTest.Class48HoursOrderValidator">
    <skipped/>
  </testcase> <!-- ValidateClass48HoursOrderValidatorTest -->
  <testcase name="ValidateClass48HoursOrderValidatorTest" time="0.0" classname="com.doosan.nao.classOrderTest.Class48HoursOrderValidator">
    <skipped/>
  </testcase> <!-- ValidateClass48HoursOrderValidatorTest -->
  <testcase name="ValidateClass48HoursOrderValidatorTest" time="0.0" classname="com.doosan.nao.classOrderTest.Class48HoursOrderValidator">
    <skipped/>
  </testcase> <!-- ValidateClass48HoursOrderValidatorTest -->
  <testcase name="ValidateClass48HoursOrderValidatorTest" time="0.005" classname="com.doosan.nao.classOrderTest.Class48HoursOrderValidator">
    <skipped/>
  </testcase> <!-- ValidateClass48HoursOrderValidatorTest -->
  <testcase name="ValidateClass48HoursOrderValidatorTest" time="0.0" classname="com.doosan.nao.classOrderTest.Class48HoursOrderValidator">
    <skipped/>
  </testcase> <!-- ValidateClass48HoursOrderValidatorTest -->
  <testcase name="ValidateClass48HoursOrderValidatorTest" time="0.0" classname="com.doosan.nao.classOrderTest.Class48HoursOrderValidator">
    <skipped/>
  </testcase> <!-- ValidateClass48HoursOrderValidatorTest -->
  <testcase name="ValidateClass48HoursOrderValidatorTest" time="0.0" classname="com.doosan.nao.classOrderTest.Class48HoursOrderValidator">
    <skipped/>
  </testcase> <!-- ValidateClass48HoursOrderValidatorTest -->
</testsuite> <!-- com.doosan.nao.classOrderTest.Class48HoursOrderValidator for firefox1 -->
